0	1	mikroCPIC1618.exe -MSF -DBG -pP16F877A -DL -O11111104 -fo8 -N"D:\Engineering\College\3rd computer\1st term\Embedded systems\Project\MyProject2.mcppi" -SP"C:\Users\Public\Documents\Mikroelektronika\mikroC PRO for PIC\Defs\" -SP"C:\Users\Public\Documents\Mikroelektronika\mikroC PRO for PIC\Uses\P16\" -SP"D:\Engineering\College\3rd computer\1st term\Embedded systems\Project\" "MyProject2.c" "__Lib_Math.mcl" "__Lib_MathDouble.mcl" "__Lib_System.mcl" "__Lib_Delays.mcl" "__Lib_CType.mcl" "__Lib_CString.mcl" "__Lib_CStdlib.mcl" "__Lib_CMath.mcl" "__Lib_MemManager.mcl" "__Lib_Conversions.mcl" "__Lib_Sprinti.mcl" "__Lib_Sprintl.mcl" "__Lib_Time.mcl" "__Lib_Trigonometry.mcl" "__Lib_Button.mcl" "__Lib_Keypad4x4.mcl" "__Lib_Manchester.mcl" "__Lib_OneWire.mcl" "__Lib_PS2.mcl" "__Lib_Sound.mcl" "__Lib_SoftI2C.mcl" "__Lib_SoftSPI.mcl" "__Lib_SoftUART.mcl" "__Lib_ADC_A_C.mcl" "__Lib_EEPROM.mcl" "__Lib_FLASH_RW.mcl" "__Lib_I2C_c34.mcl" "__Lib_PWM_c21.mcl" "__Lib_SPI_c345.mcl" "__Lib_UART_c67.mcl" "__Lib_PortExpander.mcl" "__Lib_CANSPI.mcl" "__Lib_CF.mcl" "__Lib_GlcdFonts.mcl" "__Lib_Glcd.mcl" "__Lib_LcdConsts.mcl" "__Lib_Lcd.mcl" "__Lib_RS485.mcl" "__Lib_S1D13700.mcl" "__Lib_T6963C.mcl" "__Lib_SPIGlcd.mcl" "__Lib_SPILcd.mcl" "__Lib_SPILcd8.mcl" "__Lib_SPIT6963C.mcl" "__Lib_EthEnc28j60.mcl" "__Lib_EthEnc24j600.mcl" "__Lib_TouchPanel.mcl"	 
hint: 0	1139	Available RAM: 352 [bytes], Available ROM: 8192 [bytes]	 
diagnostics: 0	122	Compilation Started	P16F877A.c
diagnostics: 658	123	Compiled Successfully	P16F877A.c
diagnostics: 0	122	Compilation Started	__Lib_Delays.c
diagnostics: 123	123	Compiled Successfully	__Lib_Delays.c
diagnostics: 0	122	Compilation Started	__Lib_MemManager.c
warning: 34	1508	Implicit conversion of int to ptr	__Lib_MemManager.c
diagnostics: 231	123	Compiled Successfully	__Lib_MemManager.c
diagnostics: 0	122	Compilation Started	__Lib_GlcdFonts.c
diagnostics: 1207	123	Compiled Successfully	__Lib_GlcdFonts.c
diagnostics: 0	122	Compilation Started	MyProject2.c
diagnostics: 337	123	Compiled Successfully	MyProject2.c
diagnostics: 0	127	All files Compiled in 63 ms	 
error: 0	362	Not enough RAM '?FLOC__login_mode'	MyProject2.c
error: 115	362	Not enough RAM 's2'	__Lib_CString.c
error: 77	362	Not enough RAM 'n'	__Lib_CString.c
error: 184	362	Not enough RAM 'text'	__Lib_Lcd.c
error: 186	362	Not enough RAM 'i'	__Lib_Lcd.c
error: 16	362	Not enough RAM 'data_'	__Lib_EEPROM.c
error: 4	362	Not enough RAM 'Address'	__Lib_EEPROM.c
error: 57	362	Not enough RAM 'text'	__Lib_Lcd.c
error: 58	362	Not enough RAM 'i'	__Lib_Lcd.c
error: 66	362	Not enough RAM 'output'	__Lib_Conversions.c
error: 67	362	Not enough RAM 'DigitPos'	__Lib_Conversions.c
error: 0	362	Not enough RAM '?FLOC__ByteToStr'	__Lib_Conversions.c
error: 421	362	Not enough RAM 'string'	__Lib_Conversions.c
error: 425	362	Not enough RAM 'trimmed'	__Lib_Conversions.c
error: 77	362	Not enough RAM 'rslt'	__Lib_Keypad4x4.c
error: 50	362	Not enough RAM 'out_char'	__Lib_Lcd.c
error: 18	362	Not enough RAM 'out_char'	__Lib_Lcd.c
error: 39	362	Not enough RAM 'rslt'	__Lib_Keypad4x4.c
error: 39	362	Not enough RAM 'kdata'	__Lib_Keypad4x4.c
error: 39	362	Not enough RAM 'loc'	__Lib_Keypad4x4.c
error: 39	362	Not enough RAM 'rowcnt'	__Lib_Keypad4x4.c
error: 40	362	Not enough RAM 'shifter'	__Lib_Keypad4x4.c
error: 0	102	Finished (with errors): 09 Dec 2025, 03:32:52	MyProject2.mcppi
