;  LST file generated by mikroListExporter - v.2.0 
; Date/Time: 12/9/2025 5:44:56 AM
;----------------------------------------------

;Address Opcode 	ASM
0x0000	0x2E4D      	GOTO       1613
_Delay_1us:
0x0003	0x0000      	NOP
0x0004	0x0000      	NOP
L_end_Delay_1us:
0x0005	0x0008      	RETURN
; end of _Delay_1us
_Delay_5500us:
0x0006	0x300F      	MOVLW      15
0x0007	0x1283      	BCF        STATUS, 5
0x0008	0x1303      	BCF        STATUS, 6
0x0009	0x00FC      	MOVWF      R12
0x000A	0x3047      	MOVLW      71
0x000B	0x00FD      	MOVWF      R13
L_Delay_5500us5:
0x000C	0x0BFD      	DECFSZ     R13, 1
0x000D	0x280C      	GOTO       L_Delay_5500us5
0x000E	0x0BFC      	DECFSZ     R12, 1
0x000F	0x280C      	GOTO       L_Delay_5500us5
0x0010	0x0000      	NOP
0x0011	0x0000      	NOP
L_end_Delay_5500us:
0x0012	0x0008      	RETURN
; end of _Delay_5500us
_Delay_50us:
0x0013	0x3021      	MOVLW      33
0x0014	0x1283      	BCF        STATUS, 5
0x0015	0x1303      	BCF        STATUS, 6
0x0016	0x00FD      	MOVWF      R13
L_Delay_50us2:
0x0017	0x0BFD      	DECFSZ     R13, 1
0x0018	0x2817      	GOTO       L_Delay_50us2
L_end_Delay_50us:
0x0019	0x0008      	RETURN
; end of _Delay_50us
_Lcd_Cmd:
0x001A	0x1283      	BCF        STATUS, 5
0x001B	0x1303      	BCF        STATUS, 6
0x001C	0x1BE6      	BTFSC      FARG_Lcd_Cmd_out_char, 7
0x001D	0x2820      	GOTO       L__Lcd_Cmd21
0x001E	0x1188      	BCF        LCD_D7, BitPos(LCD_D7+0)
0x001F	0x2821      	GOTO       L__Lcd_Cmd22
L__Lcd_Cmd21:
0x0020	0x1588      	BSF        LCD_D7, BitPos(LCD_D7+0)
L__Lcd_Cmd22:
0x0021	0x1B66      	BTFSC      FARG_Lcd_Cmd_out_char, 6
0x0022	0x2825      	GOTO       L__Lcd_Cmd23
0x0023	0x1108      	BCF        LCD_D6, BitPos(LCD_D6+0)
0x0024	0x2826      	GOTO       L__Lcd_Cmd24
L__Lcd_Cmd23:
0x0025	0x1508      	BSF        LCD_D6, BitPos(LCD_D6+0)
L__Lcd_Cmd24:
0x0026	0x1AE6      	BTFSC      FARG_Lcd_Cmd_out_char, 5
0x0027	0x282A      	GOTO       L__Lcd_Cmd25
0x0028	0x1088      	BCF        LCD_D5, BitPos(LCD_D5+0)
0x0029	0x282B      	GOTO       L__Lcd_Cmd26
L__Lcd_Cmd25:
0x002A	0x1488      	BSF        LCD_D5, BitPos(LCD_D5+0)
L__Lcd_Cmd26:
0x002B	0x1A66      	BTFSC      FARG_Lcd_Cmd_out_char, 4
0x002C	0x282F      	GOTO       L__Lcd_Cmd27
0x002D	0x1008      	BCF        LCD_D4, BitPos(LCD_D4+0)
0x002E	0x2830      	GOTO       L__Lcd_Cmd28
L__Lcd_Cmd27:
0x002F	0x1408      	BSF        LCD_D4, BitPos(LCD_D4+0)
L__Lcd_Cmd28:
0x0030	0x1848      	BTFSC      __Lib_Lcd_cmd_status, BitPos(__Lib_Lcd_cmd_status+0)
0x0031	0x2834      	GOTO       L__Lcd_Cmd29
0x0032	0x1688      	BSF        LCD_RS, BitPos(LCD_RS+0)
0x0033	0x2835      	GOTO       L__Lcd_Cmd30
L__Lcd_Cmd29:
0x0034	0x1288      	BCF        LCD_RS, BitPos(LCD_RS+0)
L__Lcd_Cmd30:
0x0035	0x1608      	BSF        LCD_EN, BitPos(LCD_EN+0)
0x0036	0x2003      	CALL       _Delay_1us
0x0037	0x1208      	BCF        LCD_EN, BitPos(LCD_EN+0)
0x0038	0x19E6      	BTFSC      FARG_Lcd_Cmd_out_char, 3
0x0039	0x283C      	GOTO       L__Lcd_Cmd31
0x003A	0x1188      	BCF        LCD_D7, BitPos(LCD_D7+0)
0x003B	0x283D      	GOTO       L__Lcd_Cmd32
L__Lcd_Cmd31:
0x003C	0x1588      	BSF        LCD_D7, BitPos(LCD_D7+0)
L__Lcd_Cmd32:
0x003D	0x1966      	BTFSC      FARG_Lcd_Cmd_out_char, 2
0x003E	0x2841      	GOTO       L__Lcd_Cmd33
0x003F	0x1108      	BCF        LCD_D6, BitPos(LCD_D6+0)
0x0040	0x2842      	GOTO       L__Lcd_Cmd34
L__Lcd_Cmd33:
0x0041	0x1508      	BSF        LCD_D6, BitPos(LCD_D6+0)
L__Lcd_Cmd34:
0x0042	0x18E6      	BTFSC      FARG_Lcd_Cmd_out_char, 1
0x0043	0x2846      	GOTO       L__Lcd_Cmd35
0x0044	0x1088      	BCF        LCD_D5, BitPos(LCD_D5+0)
0x0045	0x2847      	GOTO       L__Lcd_Cmd36
L__Lcd_Cmd35:
0x0046	0x1488      	BSF        LCD_D5, BitPos(LCD_D5+0)
L__Lcd_Cmd36:
0x0047	0x1866      	BTFSC      FARG_Lcd_Cmd_out_char, 0
0x0048	0x284B      	GOTO       L__Lcd_Cmd37
0x0049	0x1008      	BCF        LCD_D4, BitPos(LCD_D4+0)
0x004A	0x284C      	GOTO       L__Lcd_Cmd38
L__Lcd_Cmd37:
0x004B	0x1408      	BSF        LCD_D4, BitPos(LCD_D4+0)
L__Lcd_Cmd38:
0x004C	0x1848      	BTFSC      __Lib_Lcd_cmd_status, BitPos(__Lib_Lcd_cmd_status+0)
0x004D	0x2850      	GOTO       L__Lcd_Cmd39
0x004E	0x1688      	BSF        LCD_RS, BitPos(LCD_RS+0)
0x004F	0x2851      	GOTO       L__Lcd_Cmd40
L__Lcd_Cmd39:
0x0050	0x1288      	BCF        LCD_RS, BitPos(LCD_RS+0)
L__Lcd_Cmd40:
0x0051	0x1608      	BSF        LCD_EN, BitPos(LCD_EN+0)
0x0052	0x2003      	CALL       _Delay_1us
0x0053	0x1208      	BCF        LCD_EN, BitPos(LCD_EN+0)
0x0054	0x1C48      	BTFSS      __Lib_Lcd_cmd_status, BitPos(__Lib_Lcd_cmd_status+0)
0x0055	0x2858      	GOTO       L_Lcd_Cmd0
0x0056	0x2006      	CALL       _Delay_5500us
0x0057	0x2859      	GOTO       L_Lcd_Cmd1
L_Lcd_Cmd0:
0x0058	0x2013      	CALL       _Delay_50us
L_Lcd_Cmd1:
L_end_Lcd_Cmd:
0x0059	0x0008      	RETURN
; end of _Lcd_Cmd
_Keypad_Key_Press:
0x005A	0x1283      	BCF        STATUS, 5
0x005B	0x1303      	BCF        STATUS, 6
0x005C	0x01E1      	CLRF       Keypad_Key_Press_rslt_L0
0x005D	0x01E3      	CLRF       Keypad_Key_Press_loc_L0
0x005E	0x01E4      	CLRF       Keypad_Key_Press_rowcnt_L0
0x005F	0x3010      	MOVLW      16
0x0060	0x00E5      	MOVWF      Keypad_Key_Press_shifter_L0
L_Keypad_Key_Press0:
0x0061	0x3004      	MOVLW      4
0x0062	0x0264      	SUBWF      Keypad_Key_Press_rowcnt_L0, 0
0x0063	0x1803      	BTFSC      STATUS, 0
0x0064	0x2886      	GOTO       L_Keypad_Key_Press1
0x0065	0x30F0      	MOVLW      240
0x0066	0x0086      	MOVWF      keypadPort
0x0067	0x0965      	COMF       Keypad_Key_Press_shifter_L0, 0
0x0068	0x1683      	BSF        STATUS, 5
0x0069	0x0086      	MOVWF      keypadPort+128
0x006A	0x2003      	CALL       _Delay_1us
0x006B	0x2003      	CALL       _Delay_1us
0x006C	0x300F      	MOVLW      15
0x006D	0x1283      	BCF        STATUS, 5
0x006E	0x0506      	ANDWF      keypadPort, 0
0x006F	0x00F0      	MOVWF      R0
0x0070	0x0870      	MOVF       R0, 0
0x0071	0x00E2      	MOVWF      Keypad_Key_Press_kdata_L0
0x0072	0x0870      	MOVF       R0, 0
0x0073	0x1903      	BTFSC      STATUS, 2
0x0074	0x2880      	GOTO       L_Keypad_Key_Press2
0x0075	0x0863      	MOVF       Keypad_Key_Press_loc_L0, 0
0x0076	0x00E1      	MOVWF      Keypad_Key_Press_rslt_L0
L_Keypad_Key_Press3:
0x0077	0x0862      	MOVF       Keypad_Key_Press_kdata_L0, 0
0x0078	0x1903      	BTFSC      STATUS, 2
0x0079	0x287E      	GOTO       L_Keypad_Key_Press4
0x007A	0x0CE2      	RRF        Keypad_Key_Press_kdata_L0, 1
0x007B	0x13E2      	BCF        Keypad_Key_Press_kdata_L0, 7
0x007C	0x0AE1      	INCF       Keypad_Key_Press_rslt_L0, 1
0x007D	0x2877      	GOTO       L_Keypad_Key_Press3
L_Keypad_Key_Press4:
0x007E	0x3004      	MOVLW      4
0x007F	0x00E4      	MOVWF      Keypad_Key_Press_rowcnt_L0
L_Keypad_Key_Press2:
0x0080	0x0DE5      	RLF        Keypad_Key_Press_shifter_L0, 1
0x0081	0x1065      	BCF        Keypad_Key_Press_shifter_L0, 0
0x0082	0x3004      	MOVLW      4
0x0083	0x07E3      	ADDWF      Keypad_Key_Press_loc_L0, 1
0x0084	0x0AE4      	INCF       Keypad_Key_Press_rowcnt_L0, 1
0x0085	0x2861      	GOTO       L_Keypad_Key_Press0
L_Keypad_Key_Press1:
0x0086	0x0861      	MOVF       Keypad_Key_Press_rslt_L0, 0
0x0087	0x00F0      	MOVWF      R0
L_end_Keypad_Key_Press:
0x0088	0x0008      	RETURN
; end of _Keypad_Key_Press
_Delay_10us:
0x0089	0x3006      	MOVLW      6
0x008A	0x1283      	BCF        STATUS, 5
0x008B	0x1303      	BCF        STATUS, 6
0x008C	0x00FD      	MOVWF      R13
L_Delay_10us0:
0x008D	0x0BFD      	DECFSZ     R13, 1
0x008E	0x288D      	GOTO       L_Delay_10us0
0x008F	0x0000      	NOP
L_end_Delay_10us:
0x0090	0x0008      	RETURN
; end of _Delay_10us
_Lcd_Chr_CP:
0x0091	0x1283      	BCF        STATUS, 5
0x0092	0x1303      	BCF        STATUS, 6
0x0093	0x1048      	BCF        __Lib_Lcd_cmd_status, BitPos(__Lib_Lcd_cmd_status+0)
0x0094	0x0861      	MOVF       FARG_Lcd_Chr_CP_out_char, 0
0x0095	0x00E6      	MOVWF      FARG_Lcd_Cmd_out_char
0x0096	0x201A      	CALL       _Lcd_Cmd
0x0097	0x1448      	BSF        __Lib_Lcd_cmd_status, BitPos(__Lib_Lcd_cmd_status+0)
L_end_Lcd_Chr_CP:
0x0098	0x0008      	RETURN
; end of _Lcd_Chr_CP
_Lcd_Out:
0x0099	0x28AB      	GOTO       L_Lcd_Out11
L_Lcd_Out13:
0x009A	0x3080      	MOVLW      128
0x009B	0x1283      	BCF        STATUS, 5
0x009C	0x1303      	BCF        STATUS, 6
0x009D	0x00DD      	MOVWF      FARG_Lcd_Out_row
0x009E	0x28BE      	GOTO       L_Lcd_Out12
L_Lcd_Out14:
0x009F	0x30C0      	MOVLW      192
0x00A0	0x00DD      	MOVWF      FARG_Lcd_Out_row
0x00A1	0x28BE      	GOTO       L_Lcd_Out12
L_Lcd_Out15:
0x00A2	0x3094      	MOVLW      148
0x00A3	0x00DD      	MOVWF      FARG_Lcd_Out_row
0x00A4	0x28BE      	GOTO       L_Lcd_Out12
L_Lcd_Out16:
0x00A5	0x30D4      	MOVLW      212
0x00A6	0x00DD      	MOVWF      FARG_Lcd_Out_row
0x00A7	0x28BE      	GOTO       L_Lcd_Out12
L_Lcd_Out17:
0x00A8	0x3080      	MOVLW      128
0x00A9	0x00DD      	MOVWF      FARG_Lcd_Out_row
0x00AA	0x28BE      	GOTO       L_Lcd_Out12
L_Lcd_Out11:
0x00AB	0x1283      	BCF        STATUS, 5
0x00AC	0x1303      	BCF        STATUS, 6
0x00AD	0x085D      	MOVF       FARG_Lcd_Out_row, 0
0x00AE	0x3A01      	XORLW      1
0x00AF	0x1903      	BTFSC      STATUS, 2
0x00B0	0x289A      	GOTO       L_Lcd_Out13
0x00B1	0x085D      	MOVF       FARG_Lcd_Out_row, 0
0x00B2	0x3A02      	XORLW      2
0x00B3	0x1903      	BTFSC      STATUS, 2
0x00B4	0x289F      	GOTO       L_Lcd_Out14
0x00B5	0x085D      	MOVF       FARG_Lcd_Out_row, 0
0x00B6	0x3A03      	XORLW      3
0x00B7	0x1903      	BTFSC      STATUS, 2
0x00B8	0x28A2      	GOTO       L_Lcd_Out15
0x00B9	0x085D      	MOVF       FARG_Lcd_Out_row, 0
0x00BA	0x3A04      	XORLW      4
0x00BB	0x1903      	BTFSC      STATUS, 2
0x00BC	0x28A5      	GOTO       L_Lcd_Out16
0x00BD	0x28A8      	GOTO       L_Lcd_Out17
L_Lcd_Out12:
0x00BE	0x035E      	DECF       FARG_Lcd_Out_column, 0
0x00BF	0x00F0      	MOVWF      R0
0x00C0	0x085D      	MOVF       FARG_Lcd_Out_row, 0
0x00C1	0x07F0      	ADDWF      R0, 1
0x00C2	0x0870      	MOVF       R0, 0
0x00C3	0x00DD      	MOVWF      FARG_Lcd_Out_row
0x00C4	0x0870      	MOVF       R0, 0
0x00C5	0x00E6      	MOVWF      FARG_Lcd_Cmd_out_char
0x00C6	0x201A      	CALL       _Lcd_Cmd
0x00C7	0x1048      	BCF        __Lib_Lcd_cmd_status, BitPos(__Lib_Lcd_cmd_status+0)
0x00C8	0x01E0      	CLRF       Lcd_Out_i_L0
L_Lcd_Out18:
0x00C9	0x0860      	MOVF       Lcd_Out_i_L0, 0
0x00CA	0x075F      	ADDWF      FARG_Lcd_Out_text, 0
0x00CB	0x0084      	MOVWF      FSR
0x00CC	0x0800      	MOVF       INDF, 0
0x00CD	0x1903      	BTFSC      STATUS, 2
0x00CE	0x28D7      	GOTO       L_Lcd_Out19
0x00CF	0x0860      	MOVF       Lcd_Out_i_L0, 0
0x00D0	0x075F      	ADDWF      FARG_Lcd_Out_text, 0
0x00D1	0x0084      	MOVWF      FSR
0x00D2	0x0800      	MOVF       INDF, 0
0x00D3	0x00E1      	MOVWF      FARG_Lcd_Chr_CP_out_char
0x00D4	0x2091      	CALL       _Lcd_Chr_CP
0x00D5	0x0AE0      	INCF       Lcd_Out_i_L0, 1
0x00D6	0x28C9      	GOTO       L_Lcd_Out18
L_Lcd_Out19:
0x00D7	0x1448      	BSF        __Lib_Lcd_cmd_status, BitPos(__Lib_Lcd_cmd_status+0)
L_end_Lcd_Out:
0x00D8	0x0008      	RETURN
; end of _Lcd_Out
_Keypad_Key_Click:
0x00D9	0x205A      	CALL       _Keypad_Key_Press
0x00DA	0x0870      	MOVF       R0, 0
0x00DB	0x00DD      	MOVWF      Keypad_Key_Click_rslt_L0
L_Keypad_Key_Click5:
0x00DC	0x300F      	MOVLW      15
0x00DD	0x0506      	ANDWF      keypadPort, 0
0x00DE	0x00F0      	MOVWF      R0
0x00DF	0x1903      	BTFSC      STATUS, 2
0x00E0	0x28E3      	GOTO       L_Keypad_Key_Click6
0x00E1	0x2089      	CALL       _Delay_10us
0x00E2	0x28DC      	GOTO       L_Keypad_Key_Click5
L_Keypad_Key_Click6:
0x00E3	0x085D      	MOVF       Keypad_Key_Click_rslt_L0, 0
0x00E4	0x00F0      	MOVWF      R0
L_end_Keypad_Key_Click:
0x00E5	0x0008      	RETURN
; end of _Keypad_Key_Click
_Div_8X8_U:
0x00E6	0x1283      	BCF        STATUS, 5
0x00E7	0x1303      	BCF        STATUS, 6
0x00E8	0x01F8      	CLRF       R8
0x00E9	0x3008      	MOVLW      8
0x00EA	0x00FC      	MOVWF      R12
0x00EB	0x0D70      	RLF        R0, 0
0x00EC	0x0DF8      	RLF        R8, 1
0x00ED	0x0874      	MOVF       R4, 0
0x00EE	0x02F8      	SUBWF      R8, 1
0x00EF	0x1803      	BTFSC      STATUS, 0
0x00F0	0x28F3      	GOTO       $+3
0x00F1	0x07F8      	ADDWF      R8, 1
0x00F2	0x1003      	BCF        STATUS, 0
0x00F3	0x0DF0      	RLF        R0, 1
0x00F4	0x0BFC      	DECFSZ     R12, 1
0x00F5	0x28EB      	GOTO       $-10
L_end_Div_8X8_U:
0x00F6	0x0008      	RETURN
; end of _Div_8X8_U
_____DoICP:
0x00F7	0x1283      	BCF        STATUS, 5
0x00F8	0x1303      	BCF        STATUS, 6
0x00F9	0x0836      	MOVF       ___DoICPAddr+1, 0
0x00FA	0x008A      	MOVWF      PCLATH
0x00FB	0x0835      	MOVF       ___DoICPAddr, 0
0x00FC	0x0082      	MOVWF      PCL
L_end_____DoICP:
0x00FD	0x0008      	RETURN
; end of _____DoICP
_Mul_8X8_U:
0x00FE	0x1283      	BCF        STATUS, 5
0x00FF	0x1303      	BCF        STATUS, 6
0x0100	0x0870      	MOVF       R0, 0
0x0101	0x00F1      	MOVWF      R1
0x0102	0x01F0      	CLRF       R0
0x0103	0x3008      	MOVLW      8
0x0104	0x00FC      	MOVWF      R12
0x0105	0x0871      	MOVF       R1, 0
0x0106	0x0CF4      	RRF        R4, 1
0x0107	0x1803      	BTFSC      STATUS, 0
0x0108	0x290D      	GOTO       $+5
0x0109	0x0BFC      	DECFSZ     R12, 1
0x010A	0x2906      	GOTO       $-4
0x010B	0x01F1      	CLRF       R1
0x010C	0x3400      	RETLW      0
0x010D	0x1003      	BCF        STATUS, 0
0x010E	0x2912      	GOTO       $+4
0x010F	0x0CF4      	RRF        R4, 1
0x0110	0x1803      	BTFSC      STATUS, 0
0x0111	0x07F1      	ADDWF      R1, 1
0x0112	0x0CF1      	RRF        R1, 1
0x0113	0x0CF0      	RRF        R0, 1
0x0114	0x0BFC      	DECFSZ     R12, 1
0x0115	0x290F      	GOTO       $-6
L_end_Mul_8X8_U:
0x0116	0x0008      	RETURN
; end of _Mul_8X8_U
_memset:
0x0117	0x1283      	BCF        STATUS, 5
0x0118	0x1303      	BCF        STATUS, 6
0x0119	0x0858      	MOVF       FARG_memset_p1, 0
0x011A	0x00F2      	MOVWF      R2
L_memset20:
0x011B	0x085A      	MOVF       FARG_memset_n, 0
0x011C	0x00F0      	MOVWF      R0
0x011D	0x085B      	MOVF       FARG_memset_n+1, 0
0x011E	0x00F1      	MOVWF      R0+1
0x011F	0x3001      	MOVLW      1
0x0120	0x02DA      	SUBWF      FARG_memset_n, 1
0x0121	0x1C03      	BTFSS      STATUS, 0
0x0122	0x03DB      	DECF       FARG_memset_n+1, 1
0x0123	0x0870      	MOVF       R0, 0
0x0124	0x0471      	IORWF      R0+1, 0
0x0125	0x1903      	BTFSC      STATUS, 2
0x0126	0x292D      	GOTO       L_memset21
0x0127	0x0872      	MOVF       R2, 0
0x0128	0x0084      	MOVWF      FSR
0x0129	0x0859      	MOVF       FARG_memset_character, 0
0x012A	0x0080      	MOVWF      INDF
0x012B	0x0AF2      	INCF       R2, 1
0x012C	0x291B      	GOTO       L_memset20
L_memset21:
0x012D	0x0858      	MOVF       FARG_memset_p1, 0
0x012E	0x00F0      	MOVWF      R0
L_end_memset:
0x012F	0x0008      	RETURN
; end of _memset
_Lcd_Out_Const:
0x0130	0x1283      	BCF        STATUS, 5
0x0131	0x1303      	BCF        STATUS, 6
0x0132	0x01DC      	CLRF       Lcd_Out_Const_i_L0
L_Lcd_Out_Const0:
0x0133	0x3010      	MOVLW      16
0x0134	0x025C      	SUBWF      Lcd_Out_Const_i_L0, 0
0x0135	0x1803      	BTFSC      STATUS, 0
0x0136	0x2961      	GOTO       L_Lcd_Out_Const1
0x0137	0x085C      	MOVF       Lcd_Out_Const_i_L0, 0
0x0138	0x075A      	ADDWF      FARG_Lcd_Out_Const_text, 0
0x0139	0x00F0      	MOVWF      R0
0x013A	0x085B      	MOVF       FARG_Lcd_Out_Const_text+1, 0
0x013B	0x1803      	BTFSC      STATUS, 0
0x013C	0x3E01      	ADDLW      1
0x013D	0x00F1      	MOVWF      R0+1
0x013E	0x0870      	MOVF       R0, 0
0x013F	0x00B5      	MOVWF      ___DoICPAddr
0x0140	0x0871      	MOVF       R0+1, 0
0x0141	0x00B6      	MOVWF      ___DoICPAddr+1
0x0142	0x20F7      	CALL       _____DoICP
0x0143	0x118A      	BCF        PCLATH, 3
0x0144	0x120A      	BCF        PCLATH, 4
0x0145	0x00F0      	MOVWF      R0
0x0146	0x0870      	MOVF       R0, 0
0x0147	0x1903      	BTFSC      STATUS, 2
0x0148	0x2961      	GOTO       L_Lcd_Out_Const1
L__Lcd_Out_Const97:
0x0149	0x085C      	MOVF       Lcd_Out_Const_i_L0, 0
0x014A	0x3E37      	ADDLW      _txt_buffer
0x014B	0x00F2      	MOVWF      R2
0x014C	0x085C      	MOVF       Lcd_Out_Const_i_L0, 0
0x014D	0x075A      	ADDWF      FARG_Lcd_Out_Const_text, 0
0x014E	0x00F0      	MOVWF      R0
0x014F	0x085B      	MOVF       FARG_Lcd_Out_Const_text+1, 0
0x0150	0x1803      	BTFSC      STATUS, 0
0x0151	0x3E01      	ADDLW      1
0x0152	0x00F1      	MOVWF      R0+1
0x0153	0x0870      	MOVF       R0, 0
0x0154	0x00B5      	MOVWF      ___DoICPAddr
0x0155	0x0871      	MOVF       R0+1, 0
0x0156	0x00B6      	MOVWF      ___DoICPAddr+1
0x0157	0x20F7      	CALL       _____DoICP
0x0158	0x118A      	BCF        PCLATH, 3
0x0159	0x120A      	BCF        PCLATH, 4
0x015A	0x00F0      	MOVWF      R0
0x015B	0x0872      	MOVF       R2, 0
0x015C	0x0084      	MOVWF      FSR
0x015D	0x0870      	MOVF       R0, 0
0x015E	0x0080      	MOVWF      INDF
0x015F	0x0ADC      	INCF       Lcd_Out_Const_i_L0, 1
0x0160	0x2933      	GOTO       L_Lcd_Out_Const0
L_Lcd_Out_Const1:
0x0161	0x085C      	MOVF       Lcd_Out_Const_i_L0, 0
0x0162	0x3E37      	ADDLW      _txt_buffer
0x0163	0x0084      	MOVWF      FSR
0x0164	0x0180      	CLRF       INDF
0x0165	0x0858      	MOVF       FARG_Lcd_Out_Const_row, 0
0x0166	0x00DD      	MOVWF      FARG_Lcd_Out_row
0x0167	0x0859      	MOVF       FARG_Lcd_Out_Const_col, 0
0x0168	0x00DE      	MOVWF      FARG_Lcd_Out_column
0x0169	0x3037      	MOVLW      _txt_buffer
0x016A	0x00DF      	MOVWF      FARG_Lcd_Out_text
0x016B	0x2099      	CALL       _Lcd_Out
L_end_Lcd_Out_Const:
0x016C	0x0008      	RETURN
; end of _Lcd_Out_Const
_EEPROM_Write:
L_EEPROM_Write0:
0x016D	0x1683      	BSF        STATUS, 5
0x016E	0x1703      	BSF        STATUS, 6
0x016F	0x1C8C      	BTFSS      EECON1, 1
0x0170	0x2973      	GOTO       L_EEPROM_Write1
0x0171	0x0000      	NOP
0x0172	0x296D      	GOTO       L_EEPROM_Write0
L_EEPROM_Write1:
0x0173	0x1283      	BCF        STATUS, 5
0x0174	0x1303      	BCF        STATUS, 6
0x0175	0x0858      	MOVF       FARG_EEPROM_Write_Address, 0
0x0176	0x1703      	BSF        STATUS, 6
0x0177	0x008D      	MOVWF      EEADR
0x0178	0x1303      	BCF        STATUS, 6
0x0179	0x0859      	MOVF       FARG_EEPROM_Write_data_, 0
0x017A	0x1703      	BSF        STATUS, 6
0x017B	0x008C      	MOVWF      EEDATA
0x017C	0x1683      	BSF        STATUS, 5
0x017D	0x138C      	BCF        EECON1, 7
0x017E	0x150C      	BSF        EECON1, 2
0x017F	0x080B      	MOVF       INTCON, 0
0x0180	0x00F0      	MOVWF      R0
0x0181	0x138B      	BCF        INTCON, 7
0x0182	0x3055      	MOVLW      85
0x0183	0x008D      	MOVWF      EECON2
0x0184	0x30AA      	MOVLW      170
0x0185	0x008D      	MOVWF      EECON2
0x0186	0x148C      	BSF        EECON1, 1
0x0187	0x1BF0      	BTFSC      R0, 7
0x0188	0x298B      	GOTO       L__EEPROM_Write4
0x0189	0x138B      	BCF        INTCON, 7
0x018A	0x298C      	GOTO       L__EEPROM_Write5
L__EEPROM_Write4:
0x018B	0x178B      	BSF        INTCON, 7
L__EEPROM_Write5:
0x018C	0x110C      	BCF        EECON1, 2
L_end_EEPROM_Write:
0x018D	0x0008      	RETURN
; end of _EEPROM_Write
_ByteToStr:
0x018E	0x1283      	BCF        STATUS, 5
0x018F	0x1303      	BCF        STATUS, 6
0x0190	0x01DA      	CLRF       ByteToStr_DigitPos_L0
L_ByteToStr0:
0x0191	0x3003      	MOVLW      3
0x0192	0x025A      	SUBWF      ByteToStr_DigitPos_L0, 0
0x0193	0x1803      	BTFSC      STATUS, 0
0x0194	0x299C      	GOTO       L_ByteToStr1
0x0195	0x085A      	MOVF       ByteToStr_DigitPos_L0, 0
0x0196	0x0759      	ADDWF      FARG_ByteToStr_output, 0
0x0197	0x0084      	MOVWF      FSR
0x0198	0x3020      	MOVLW      32
0x0199	0x0080      	MOVWF      INDF
0x019A	0x0ADA      	INCF       ByteToStr_DigitPos_L0, 1
0x019B	0x2991      	GOTO       L_ByteToStr0
L_ByteToStr1:
0x019C	0x085A      	MOVF       ByteToStr_DigitPos_L0, 0
0x019D	0x0759      	ADDWF      FARG_ByteToStr_output, 0
0x019E	0x0084      	MOVWF      FSR
0x019F	0x0180      	CLRF       INDF
0x01A0	0x03DA      	DECF       ByteToStr_DigitPos_L0, 1
L_ByteToStr3:
0x01A1	0x085A      	MOVF       ByteToStr_DigitPos_L0, 0
0x01A2	0x0759      	ADDWF      FARG_ByteToStr_output, 0
0x01A3	0x00DB      	MOVWF      FLOC__ByteToStr
0x01A4	0x300A      	MOVLW      10
0x01A5	0x00F4      	MOVWF      R4
0x01A6	0x0858      	MOVF       FARG_ByteToStr_input, 0
0x01A7	0x00F0      	MOVWF      R0
0x01A8	0x20E6      	CALL       _Div_8X8_U
0x01A9	0x0878      	MOVF       R8, 0
0x01AA	0x00F0      	MOVWF      R0
0x01AB	0x3030      	MOVLW      48
0x01AC	0x07F0      	ADDWF      R0, 1
0x01AD	0x085B      	MOVF       FLOC__ByteToStr, 0
0x01AE	0x0084      	MOVWF      FSR
0x01AF	0x0870      	MOVF       R0, 0
0x01B0	0x0080      	MOVWF      INDF
0x01B1	0x300A      	MOVLW      10
0x01B2	0x00F4      	MOVWF      R4
0x01B3	0x0858      	MOVF       FARG_ByteToStr_input, 0
0x01B4	0x00F0      	MOVWF      R0
0x01B5	0x20E6      	CALL       _Div_8X8_U
0x01B6	0x0870      	MOVF       R0, 0
0x01B7	0x00D8      	MOVWF      FARG_ByteToStr_input
0x01B8	0x0870      	MOVF       R0, 0
0x01B9	0x3A00      	XORLW      0
0x01BA	0x1D03      	BTFSS      STATUS, 2
0x01BB	0x29BD      	GOTO       L_ByteToStr5
0x01BC	0x29BF      	GOTO       L_ByteToStr4
L_ByteToStr5:
0x01BD	0x03DA      	DECF       ByteToStr_DigitPos_L0, 1
0x01BE	0x29A1      	GOTO       L_ByteToStr3
L_ByteToStr4:
L_end_ByteToStr:
0x01BF	0x0008      	RETURN
; end of _ByteToStr
_get_mapped_key:
0x01C0	0x20D9      	CALL       _Keypad_Key_Click
0x01C1	0x0870      	MOVF       R0, 0
0x01C2	0x00AF      	MOVWF      _key
0x01C3	0x0870      	MOVF       R0, 0
0x01C4	0x3A00      	XORLW      0
0x01C5	0x1D03      	BTFSS      STATUS, 2
0x01C6	0x29C9      	GOTO       L_get_mapped_key5
0x01C7	0x01F0      	CLRF       R0
0x01C8	0x2A17      	GOTO       L_end_get_mapped_key
L_get_mapped_key5:
0x01C9	0x082F      	MOVF       _key, 0
0x01CA	0x3A10      	XORLW      16
0x01CB	0x1D03      	BTFSS      STATUS, 2
0x01CC	0x29D0      	GOTO       L_get_mapped_key6
0x01CD	0x304D      	MOVLW      77
0x01CE	0x00F0      	MOVWF      R0
0x01CF	0x2A17      	GOTO       L_end_get_mapped_key
L_get_mapped_key6:
0x01D0	0x082F      	MOVF       _key, 0
0x01D1	0x3A01      	XORLW      1
0x01D2	0x1D03      	BTFSS      STATUS, 2
0x01D3	0x29D7      	GOTO       L_get_mapped_key7
0x01D4	0x3037      	MOVLW      55
0x01D5	0x00F0      	MOVWF      R0
0x01D6	0x2A17      	GOTO       L_end_get_mapped_key
L_get_mapped_key7:
0x01D7	0x082F      	MOVF       _key, 0
0x01D8	0x3A02      	XORLW      2
0x01D9	0x1D03      	BTFSS      STATUS, 2
0x01DA	0x29DE      	GOTO       L_get_mapped_key8
0x01DB	0x3038      	MOVLW      56
0x01DC	0x00F0      	MOVWF      R0
0x01DD	0x2A17      	GOTO       L_end_get_mapped_key
L_get_mapped_key8:
0x01DE	0x082F      	MOVF       _key, 0
0x01DF	0x3A03      	XORLW      3
0x01E0	0x1D03      	BTFSS      STATUS, 2
0x01E1	0x29E5      	GOTO       L_get_mapped_key9
0x01E2	0x3039      	MOVLW      57
0x01E3	0x00F0      	MOVWF      R0
0x01E4	0x2A17      	GOTO       L_end_get_mapped_key
L_get_mapped_key9:
0x01E5	0x082F      	MOVF       _key, 0
0x01E6	0x3A05      	XORLW      5
0x01E7	0x1D03      	BTFSS      STATUS, 2
0x01E8	0x29EC      	GOTO       L_get_mapped_key10
0x01E9	0x3034      	MOVLW      52
0x01EA	0x00F0      	MOVWF      R0
0x01EB	0x2A17      	GOTO       L_end_get_mapped_key
L_get_mapped_key10:
0x01EC	0x082F      	MOVF       _key, 0
0x01ED	0x3A06      	XORLW      6
0x01EE	0x1D03      	BTFSS      STATUS, 2
0x01EF	0x29F3      	GOTO       L_get_mapped_key11
0x01F0	0x3035      	MOVLW      53
0x01F1	0x00F0      	MOVWF      R0
0x01F2	0x2A17      	GOTO       L_end_get_mapped_key
L_get_mapped_key11:
0x01F3	0x082F      	MOVF       _key, 0
0x01F4	0x3A07      	XORLW      7
0x01F5	0x1D03      	BTFSS      STATUS, 2
0x01F6	0x29FA      	GOTO       L_get_mapped_key12
0x01F7	0x3036      	MOVLW      54
0x01F8	0x00F0      	MOVWF      R0
0x01F9	0x2A17      	GOTO       L_end_get_mapped_key
L_get_mapped_key12:
0x01FA	0x082F      	MOVF       _key, 0
0x01FB	0x3A09      	XORLW      9
0x01FC	0x1D03      	BTFSS      STATUS, 2
0x01FD	0x2A01      	GOTO       L_get_mapped_key13
0x01FE	0x3031      	MOVLW      49
0x01FF	0x00F0      	MOVWF      R0
0x0200	0x2A17      	GOTO       L_end_get_mapped_key
L_get_mapped_key13:
0x0201	0x082F      	MOVF       _key, 0
0x0202	0x3A0A      	XORLW      10
0x0203	0x1D03      	BTFSS      STATUS, 2
0x0204	0x2A08      	GOTO       L_get_mapped_key14
0x0205	0x3032      	MOVLW      50
0x0206	0x00F0      	MOVWF      R0
0x0207	0x2A17      	GOTO       L_end_get_mapped_key
L_get_mapped_key14:
0x0208	0x082F      	MOVF       _key, 0
0x0209	0x3A0B      	XORLW      11
0x020A	0x1D03      	BTFSS      STATUS, 2
0x020B	0x2A0F      	GOTO       L_get_mapped_key15
0x020C	0x3033      	MOVLW      51
0x020D	0x00F0      	MOVWF      R0
0x020E	0x2A17      	GOTO       L_end_get_mapped_key
L_get_mapped_key15:
0x020F	0x082F      	MOVF       _key, 0
0x0210	0x3A0E      	XORLW      14
0x0211	0x1D03      	BTFSS      STATUS, 2
0x0212	0x2A16      	GOTO       L_get_mapped_key16
0x0213	0x3030      	MOVLW      48
0x0214	0x00F0      	MOVWF      R0
0x0215	0x2A17      	GOTO       L_end_get_mapped_key
L_get_mapped_key16:
0x0216	0x01F0      	CLRF       R0
L_end_get_mapped_key:
0x0217	0x0008      	RETURN
; end of _get_mapped_key
_EEPROM_Read:
0x0218	0x1283      	BCF        STATUS, 5
0x0219	0x1303      	BCF        STATUS, 6
0x021A	0x0858      	MOVF       FARG_EEPROM_Read_Address, 0
0x021B	0x1703      	BSF        STATUS, 6
0x021C	0x008D      	MOVWF      EEADR
0x021D	0x1683      	BSF        STATUS, 5
0x021E	0x138C      	BCF        EECON1, 7
0x021F	0x140C      	BSF        EECON1, 0
0x0220	0x1283      	BCF        STATUS, 5
0x0221	0x080C      	MOVF       EEDATA, 0
0x0222	0x00F0      	MOVWF      R0
L_end_EEPROM_Read:
0x0223	0x0008      	RETURN
; end of _EEPROM_Read
_Lcd_Out_CP:
0x0224	0x1283      	BCF        STATUS, 5
0x0225	0x1303      	BCF        STATUS, 6
0x0226	0x01D9      	CLRF       Lcd_Out_CP_i_L0
L_Lcd_Out_CP2:
0x0227	0x0859      	MOVF       Lcd_Out_CP_i_L0, 0
0x0228	0x0758      	ADDWF      FARG_Lcd_Out_CP_text, 0
0x0229	0x0084      	MOVWF      FSR
0x022A	0x0800      	MOVF       INDF, 0
0x022B	0x1903      	BTFSC      STATUS, 2
0x022C	0x2A35      	GOTO       L_Lcd_Out_CP3
0x022D	0x0859      	MOVF       Lcd_Out_CP_i_L0, 0
0x022E	0x0758      	ADDWF      FARG_Lcd_Out_CP_text, 0
0x022F	0x0084      	MOVWF      FSR
0x0230	0x0800      	MOVF       INDF, 0
0x0231	0x00E1      	MOVWF      FARG_Lcd_Chr_CP_out_char
0x0232	0x2091      	CALL       _Lcd_Chr_CP
0x0233	0x0AD9      	INCF       Lcd_Out_CP_i_L0, 1
0x0234	0x2A27      	GOTO       L_Lcd_Out_CP2
L_Lcd_Out_CP3:
L_end_Lcd_Out_CP:
0x0235	0x0008      	RETURN
; end of _Lcd_Out_CP
_Ltrim:
0x0236	0x1283      	BCF        STATUS, 5
0x0237	0x1303      	BCF        STATUS, 6
0x0238	0x01D9      	CLRF       Ltrim_trimmed_L0
0x0239	0x01DA      	CLRF       Ltrim_trimmed_L0+1
0x023A	0x0858      	MOVF       FARG_Ltrim_string, 0
0x023B	0x00F2      	MOVWF      R2
0x023C	0x0858      	MOVF       FARG_Ltrim_string, 0
0x023D	0x00F3      	MOVWF      R3
L_Ltrim84:
0x023E	0x0872      	MOVF       R2, 0
0x023F	0x0084      	MOVWF      FSR
0x0240	0x0800      	MOVF       INDF, 0
0x0241	0x3A20      	XORLW      32
0x0242	0x1D03      	BTFSS      STATUS, 2
0x0243	0x2A49      	GOTO       L__Ltrim147
0x0244	0x0859      	MOVF       Ltrim_trimmed_L0, 0
0x0245	0x045A      	IORWF      Ltrim_trimmed_L0+1, 0
0x0246	0x1D03      	BTFSS      STATUS, 2
0x0247	0x2A49      	GOTO       L__Ltrim147
0x0248	0x2A56      	GOTO       L_Ltrim89
L__Ltrim147:
0x0249	0x3001      	MOVLW      1
0x024A	0x00D9      	MOVWF      Ltrim_trimmed_L0
0x024B	0x3000      	MOVLW      0
0x024C	0x00DA      	MOVWF      Ltrim_trimmed_L0+1
0x024D	0x0872      	MOVF       R2, 0
0x024E	0x0084      	MOVWF      FSR
0x024F	0x0800      	MOVF       INDF, 0
0x0250	0x00F0      	MOVWF      R0
0x0251	0x0873      	MOVF       R3, 0
0x0252	0x0084      	MOVWF      FSR
0x0253	0x0870      	MOVF       R0, 0
0x0254	0x0080      	MOVWF      INDF
0x0255	0x0AF3      	INCF       R3, 1
L_Ltrim89:
0x0256	0x0872      	MOVF       R2, 0
0x0257	0x00F1      	MOVWF      R1
0x0258	0x0AF2      	INCF       R2, 1
0x0259	0x0871      	MOVF       R1, 0
0x025A	0x0084      	MOVWF      FSR
0x025B	0x0800      	MOVF       INDF, 0
0x025C	0x3A00      	XORLW      0
0x025D	0x1D03      	BTFSS      STATUS, 2
0x025E	0x2A3E      	GOTO       L_Ltrim84
0x025F	0x0858      	MOVF       FARG_Ltrim_string, 0
0x0260	0x00F0      	MOVWF      R0
L_end_Ltrim:
0x0261	0x0008      	RETURN
; end of _Ltrim
_delete_user:
0x0262	0x1283      	BCF        STATUS, 5
0x0263	0x1303      	BCF        STATUS, 6
0x0264	0x01A4      	CLRF       _i
0x0265	0x01A2      	CLRF       _id
0x0266	0x01A1      	CLRF       _slot
0x0267	0x01A0      	CLRF       _addr
0x0268	0x3001      	MOVLW      1
0x0269	0x00E6      	MOVWF      FARG_Lcd_Cmd_out_char
0x026A	0x201A      	CALL       _Lcd_Cmd
0x026B	0x3001      	MOVLW      1
0x026C	0x00D8      	MOVWF      FARG_Lcd_Out_Const_row
0x026D	0x3001      	MOVLW      1
0x026E	0x00D9      	MOVWF      FARG_Lcd_Out_Const_col
0x026F	0x308E      	MOVLW      _msg_userid
0x0270	0x00DA      	MOVWF      FARG_Lcd_Out_Const_text
0x0271	0x3007      	MOVLW      hi_addr(_msg_userid)
0x0272	0x00DB      	MOVWF      FARG_Lcd_Out_Const_text+1
0x0273	0x2130      	CALL       _Lcd_Out_Const
0x0274	0x01A4      	CLRF       _i
L_delete_user36:
0x0275	0x3080      	MOVLW      128
0x0276	0x0624      	XORWF      _i, 0
0x0277	0x00F0      	MOVWF      R0
0x0278	0x3080      	MOVLW      128
0x0279	0x3A02      	XORLW      2
0x027A	0x0270      	SUBWF      R0, 0
0x027B	0x1803      	BTFSC      STATUS, 0
0x027C	0x2A9B      	GOTO       L_delete_user37
L_delete_user39:
0x027D	0x21C0      	CALL       _get_mapped_key
0x027E	0x0870      	MOVF       R0, 0
0x027F	0x00AF      	MOVWF      _key
0x0280	0x0870      	MOVF       R0, 0
0x0281	0x3A00      	XORLW      0
0x0282	0x1903      	BTFSC      STATUS, 2
0x0283	0x2A7D      	GOTO       L_delete_user39
0x0284	0x082F      	MOVF       _key, 0
0x0285	0x3A4D      	XORLW      77
0x0286	0x1D03      	BTFSS      STATUS, 2
0x0287	0x2A8B      	GOTO       L_delete_user42
0x0288	0x3001      	MOVLW      1
0x0289	0x00A5      	MOVWF      _current_state
0x028A	0x2AD4      	GOTO       L_end_delete_user
L_delete_user42:
0x028B	0x0822      	MOVF       _id, 0
0x028C	0x00F0      	MOVWF      R0
0x028D	0x300A      	MOVLW      10
0x028E	0x00F4      	MOVWF      R4
0x028F	0x20FE      	CALL       _Mul_8X8_U
0x0290	0x3030      	MOVLW      48
0x0291	0x022F      	SUBWF      _key, 0
0x0292	0x00F1      	MOVWF      R1
0x0293	0x0871      	MOVF       R1, 0
0x0294	0x0770      	ADDWF      R0, 0
0x0295	0x00A2      	MOVWF      _id
0x0296	0x302A      	MOVLW      42
0x0297	0x00E1      	MOVWF      FARG_Lcd_Chr_CP_out_char
0x0298	0x2091      	CALL       _Lcd_Chr_CP
0x0299	0x0AA4      	INCF       _i, 1
0x029A	0x2A75      	GOTO       L_delete_user36
L_delete_user37:
0x029B	0x0822      	MOVF       _id, 0
0x029C	0x00F0      	MOVWF      R0
0x029D	0x0DF0      	RLF        R0, 1
0x029E	0x1070      	BCF        R0, 0
0x029F	0x0DF0      	RLF        R0, 1
0x02A0	0x1070      	BCF        R0, 0
0x02A1	0x0870      	MOVF       R0, 0
0x02A2	0x00A0      	MOVWF      _addr
0x02A3	0x0870      	MOVF       R0, 0
0x02A4	0x00D8      	MOVWF      FARG_EEPROM_Write_Address
0x02A5	0x30FF      	MOVLW      255
0x02A6	0x00D9      	MOVWF      FARG_EEPROM_Write_data_
0x02A7	0x216D      	CALL       _EEPROM_Write
0x02A8	0x3001      	MOVLW      1
0x02A9	0x1283      	BCF        STATUS, 5
0x02AA	0x1303      	BCF        STATUS, 6
0x02AB	0x00D8      	MOVWF      FARG_Lcd_Out_Const_row
0x02AC	0x3001      	MOVLW      1
0x02AD	0x00D9      	MOVWF      FARG_Lcd_Out_Const_col
0x02AE	0x302B      	MOVLW      _msg_deleting
0x02AF	0x00DA      	MOVWF      FARG_Lcd_Out_Const_text
0x02B0	0x3007      	MOVLW      hi_addr(_msg_deleting)
0x02B1	0x00DB      	MOVWF      FARG_Lcd_Out_Const_text+1
0x02B2	0x2130      	CALL       _Lcd_Out_Const
0x02B3	0x3034      	MOVLW      52
0x02B4	0x00FC      	MOVWF      R12
0x02B5	0x30F1      	MOVLW      241
0x02B6	0x00FD      	MOVWF      R13
L_delete_user43:
0x02B7	0x0BFD      	DECFSZ     R13, 1
0x02B8	0x2AB7      	GOTO       L_delete_user43
0x02B9	0x0BFC      	DECFSZ     R12, 1
0x02BA	0x2AB7      	GOTO       L_delete_user43
0x02BB	0x0000      	NOP
0x02BC	0x0000      	NOP
0x02BD	0x3001      	MOVLW      1
0x02BE	0x00D8      	MOVWF      FARG_Lcd_Out_Const_row
0x02BF	0x3001      	MOVLW      1
0x02C0	0x00D9      	MOVWF      FARG_Lcd_Out_Const_col
0x02C1	0x301E      	MOVLW      _msg_deleted
0x02C2	0x00DA      	MOVWF      FARG_Lcd_Out_Const_text
0x02C3	0x3007      	MOVLW      hi_addr(_msg_deleted)
0x02C4	0x00DB      	MOVWF      FARG_Lcd_Out_Const_text+1
0x02C5	0x2130      	CALL       _Lcd_Out_Const
0x02C6	0x300B      	MOVLW      11
0x02C7	0x00FB      	MOVWF      R11
0x02C8	0x3026      	MOVLW      38
0x02C9	0x00FC      	MOVWF      R12
0x02CA	0x305D      	MOVLW      93
0x02CB	0x00FD      	MOVWF      R13
L_delete_user44:
0x02CC	0x0BFD      	DECFSZ     R13, 1
0x02CD	0x2ACC      	GOTO       L_delete_user44
0x02CE	0x0BFC      	DECFSZ     R12, 1
0x02CF	0x2ACC      	GOTO       L_delete_user44
0x02D0	0x0BFB      	DECFSZ     R11, 1
0x02D1	0x2ACC      	GOTO       L_delete_user44
0x02D2	0x0000      	NOP
0x02D3	0x0000      	NOP
L_end_delete_user:
0x02D4	0x0008      	RETURN
; end of _delete_user
_add_user:
0x02D5	0x1283      	BCF        STATUS, 5
0x02D6	0x1303      	BCF        STATUS, 6
0x02D7	0x01A4      	CLRF       _i
0x02D8	0x01A2      	CLRF       _id
0x02D9	0x01A1      	CLRF       _slot
0x02DA	0x01A0      	CLRF       _addr
0x02DB	0x3001      	MOVLW      1
0x02DC	0x00A3      	MOVWF      _is_full
0x02DD	0x3001      	MOVLW      1
0x02DE	0x00E6      	MOVWF      FARG_Lcd_Cmd_out_char
0x02DF	0x201A      	CALL       _Lcd_Cmd
0x02E0	0x3001      	MOVLW      1
0x02E1	0x00D8      	MOVWF      FARG_Lcd_Out_Const_row
0x02E2	0x3001      	MOVLW      1
0x02E3	0x00D9      	MOVWF      FARG_Lcd_Out_Const_col
0x02E4	0x30E8      	MOVLW      _msg_new_user
0x02E5	0x00DA      	MOVWF      FARG_Lcd_Out_Const_text
0x02E6	0x3006      	MOVLW      hi_addr(_msg_new_user)
0x02E7	0x00DB      	MOVWF      FARG_Lcd_Out_Const_text+1
0x02E8	0x2130      	CALL       _Lcd_Out_Const
0x02E9	0x3002      	MOVLW      2
0x02EA	0x00D8      	MOVWF      FARG_Lcd_Out_Const_row
0x02EB	0x3001      	MOVLW      1
0x02EC	0x00D9      	MOVWF      FARG_Lcd_Out_Const_col
0x02ED	0x30A0      	MOVLW      _msg_empty
0x02EE	0x00DA      	MOVWF      FARG_Lcd_Out_Const_text
0x02EF	0x3007      	MOVLW      hi_addr(_msg_empty)
0x02F0	0x00DB      	MOVWF      FARG_Lcd_Out_Const_text+1
0x02F1	0x2130      	CALL       _Lcd_Out_Const
0x02F2	0x3030      	MOVLW      _password_input
0x02F3	0x00D8      	MOVWF      FARG_memset_p1
0x02F4	0x01D9      	CLRF       FARG_memset_character
0x02F5	0x3005      	MOVLW      5
0x02F6	0x00DA      	MOVWF      FARG_memset_n
0x02F7	0x3000      	MOVLW      0
0x02F8	0x00DB      	MOVWF      FARG_memset_n+1
0x02F9	0x2117      	CALL       _memset
0x02FA	0x01A4      	CLRF       _i
L_add_user17:
0x02FB	0x3080      	MOVLW      128
0x02FC	0x0624      	XORWF      _i, 0
0x02FD	0x00F0      	MOVWF      R0
0x02FE	0x3080      	MOVLW      128
0x02FF	0x3A04      	XORLW      4
0x0300	0x0270      	SUBWF      R0, 0
0x0301	0x1803      	BTFSC      STATUS, 0
0x0302	0x2B1B      	GOTO       L_add_user18
L_add_user20:
0x0303	0x21C0      	CALL       _get_mapped_key
0x0304	0x0870      	MOVF       R0, 0
0x0305	0x00AF      	MOVWF      _key
0x0306	0x0870      	MOVF       R0, 0
0x0307	0x3A00      	XORLW      0
0x0308	0x1903      	BTFSC      STATUS, 2
0x0309	0x2B03      	GOTO       L_add_user20
0x030A	0x082F      	MOVF       _key, 0
0x030B	0x3A4D      	XORLW      77
0x030C	0x1D03      	BTFSS      STATUS, 2
0x030D	0x2B11      	GOTO       L_add_user23
0x030E	0x3001      	MOVLW      1
0x030F	0x00A5      	MOVWF      _current_state
0x0310	0x2BBA      	GOTO       L_end_add_user
L_add_user23:
0x0311	0x0824      	MOVF       _i, 0
0x0312	0x3E30      	ADDLW      _password_input
0x0313	0x0084      	MOVWF      FSR
0x0314	0x082F      	MOVF       _key, 0
0x0315	0x0080      	MOVWF      INDF
0x0316	0x302A      	MOVLW      42
0x0317	0x00E1      	MOVWF      FARG_Lcd_Chr_CP_out_char
0x0318	0x2091      	CALL       _Lcd_Chr_CP
0x0319	0x0AA4      	INCF       _i, 1
0x031A	0x2AFB      	GOTO       L_add_user17
L_add_user18:
0x031B	0x01A1      	CLRF       _slot
L_add_user24:
0x031C	0x3080      	MOVLW      128
0x031D	0x0621      	XORWF      _slot, 0
0x031E	0x00F0      	MOVWF      R0
0x031F	0x3080      	MOVLW      128
0x0320	0x3A40      	XORLW      64
0x0321	0x0270      	SUBWF      R0, 0
0x0322	0x1803      	BTFSC      STATUS, 0
0x0323	0x2B3A      	GOTO       L_add_user25
0x0324	0x0821      	MOVF       _slot, 0
0x0325	0x00F0      	MOVWF      R0
0x0326	0x0DF0      	RLF        R0, 1
0x0327	0x1070      	BCF        R0, 0
0x0328	0x0DF0      	RLF        R0, 1
0x0329	0x1070      	BCF        R0, 0
0x032A	0x0870      	MOVF       R0, 0
0x032B	0x00A0      	MOVWF      _addr
0x032C	0x0870      	MOVF       R0, 0
0x032D	0x00D8      	MOVWF      FARG_EEPROM_Read_Address
0x032E	0x2218      	CALL       _EEPROM_Read
0x032F	0x0870      	MOVF       R0, 0
0x0330	0x3AFF      	XORLW      255
0x0331	0x1D03      	BTFSS      STATUS, 2
0x0332	0x2B36      	GOTO       L_add_user27
0x0333	0x1303      	BCF        STATUS, 6
0x0334	0x01A3      	CLRF       _is_full
0x0335	0x2B3A      	GOTO       L_add_user25
L_add_user27:
0x0336	0x1303      	BCF        STATUS, 6
0x0337	0x0AA2      	INCF       _id, 1
0x0338	0x0AA1      	INCF       _slot, 1
0x0339	0x2B1C      	GOTO       L_add_user24
L_add_user25:
0x033A	0x0823      	MOVF       _is_full, 0
0x033B	0x1903      	BTFSC      STATUS, 2
0x033C	0x2B58      	GOTO       L_add_user28
0x033D	0x3001      	MOVLW      1
0x033E	0x00E6      	MOVWF      FARG_Lcd_Cmd_out_char
0x033F	0x201A      	CALL       _Lcd_Cmd
0x0340	0x3001      	MOVLW      1
0x0341	0x00D8      	MOVWF      FARG_Lcd_Out_Const_row
0x0342	0x3001      	MOVLW      1
0x0343	0x00D9      	MOVWF      FARG_Lcd_Out_Const_col
0x0344	0x3011      	MOVLW      _msg_mem_full
0x0345	0x00DA      	MOVWF      FARG_Lcd_Out_Const_text
0x0346	0x3007      	MOVLW      hi_addr(_msg_mem_full)
0x0347	0x00DB      	MOVWF      FARG_Lcd_Out_Const_text+1
0x0348	0x2130      	CALL       _Lcd_Out_Const
0x0349	0x300B      	MOVLW      11
0x034A	0x00FB      	MOVWF      R11
0x034B	0x3026      	MOVLW      38
0x034C	0x00FC      	MOVWF      R12
0x034D	0x305D      	MOVLW      93
0x034E	0x00FD      	MOVWF      R13
L_add_user29:
0x034F	0x0BFD      	DECFSZ     R13, 1
0x0350	0x2B4F      	GOTO       L_add_user29
0x0351	0x0BFC      	DECFSZ     R12, 1
0x0352	0x2B4F      	GOTO       L_add_user29
0x0353	0x0BFB      	DECFSZ     R11, 1
0x0354	0x2B4F      	GOTO       L_add_user29
0x0355	0x0000      	NOP
0x0356	0x0000      	NOP
0x0357	0x2BBA      	GOTO       L_end_add_user
L_add_user28:
0x0358	0x3001      	MOVLW      1
0x0359	0x00E6      	MOVWF      FARG_Lcd_Cmd_out_char
0x035A	0x201A      	CALL       _Lcd_Cmd
0x035B	0x3001      	MOVLW      1
0x035C	0x00D8      	MOVWF      FARG_Lcd_Out_Const_row
0x035D	0x3001      	MOVLW      1
0x035E	0x00D9      	MOVWF      FARG_Lcd_Out_Const_col
0x035F	0x3070      	MOVLW      _msg_saving
0x0360	0x00DA      	MOVWF      FARG_Lcd_Out_Const_text
0x0361	0x3007      	MOVLW      hi_addr(_msg_saving)
0x0362	0x00DB      	MOVWF      FARG_Lcd_Out_Const_text+1
0x0363	0x2130      	CALL       _Lcd_Out_Const
0x0364	0x01A4      	CLRF       _i
L_add_user30:
0x0365	0x3080      	MOVLW      128
0x0366	0x0624      	XORWF      _i, 0
0x0367	0x00F0      	MOVWF      R0
0x0368	0x3080      	MOVLW      128
0x0369	0x3A04      	XORLW      4
0x036A	0x0270      	SUBWF      R0, 0
0x036B	0x1803      	BTFSC      STATUS, 0
0x036C	0x2B84      	GOTO       L_add_user31
0x036D	0x0824      	MOVF       _i, 0
0x036E	0x0720      	ADDWF      _addr, 0
0x036F	0x00D8      	MOVWF      FARG_EEPROM_Write_Address
0x0370	0x0824      	MOVF       _i, 0
0x0371	0x3E30      	ADDLW      _password_input
0x0372	0x0084      	MOVWF      FSR
0x0373	0x0800      	MOVF       INDF, 0
0x0374	0x00D9      	MOVWF      FARG_EEPROM_Write_data_
0x0375	0x216D      	CALL       _EEPROM_Write
0x0376	0x3034      	MOVLW      52
0x0377	0x00FC      	MOVWF      R12
0x0378	0x30F1      	MOVLW      241
0x0379	0x00FD      	MOVWF      R13
L_add_user33:
0x037A	0x0BFD      	DECFSZ     R13, 1
0x037B	0x2B7A      	GOTO       L_add_user33
0x037C	0x0BFC      	DECFSZ     R12, 1
0x037D	0x2B7A      	GOTO       L_add_user33
0x037E	0x0000      	NOP
0x037F	0x0000      	NOP
0x0380	0x1283      	BCF        STATUS, 5
0x0381	0x1303      	BCF        STATUS, 6
0x0382	0x0AA4      	INCF       _i, 1
0x0383	0x2B65      	GOTO       L_add_user30
L_add_user31:
0x0384	0x0822      	MOVF       _id, 0
0x0385	0x00D8      	MOVWF      FARG_ByteToStr_input
0x0386	0x304E      	MOVLW      _str
0x0387	0x00D9      	MOVWF      FARG_ByteToStr_output
0x0388	0x218E      	CALL       _ByteToStr
0x0389	0x304E      	MOVLW      _str
0x038A	0x00D8      	MOVWF      FARG_Ltrim_string
0x038B	0x2236      	CALL       _Ltrim
0x038C	0x3001      	MOVLW      1
0x038D	0x00D8      	MOVWF      FARG_Lcd_Out_Const_row
0x038E	0x3001      	MOVLW      1
0x038F	0x00D9      	MOVWF      FARG_Lcd_Out_Const_col
0x0390	0x3038      	MOVLW      _msg_saved
0x0391	0x00DA      	MOVWF      FARG_Lcd_Out_Const_text
0x0392	0x3007      	MOVLW      hi_addr(_msg_saved)
0x0393	0x00DB      	MOVWF      FARG_Lcd_Out_Const_text+1
0x0394	0x2130      	CALL       _Lcd_Out_Const
0x0395	0x3002      	MOVLW      2
0x0396	0x00D8      	MOVWF      FARG_Lcd_Out_Const_row
0x0397	0x3001      	MOVLW      1
0x0398	0x00D9      	MOVWF      FARG_Lcd_Out_Const_col
0x0399	0x308E      	MOVLW      _msg_userid
0x039A	0x00DA      	MOVWF      FARG_Lcd_Out_Const_text
0x039B	0x3007      	MOVLW      hi_addr(_msg_userid)
0x039C	0x00DB      	MOVWF      FARG_Lcd_Out_Const_text+1
0x039D	0x2130      	CALL       _Lcd_Out_Const
0x039E	0x3080      	MOVLW      128
0x039F	0x0622      	XORWF      _id, 0
0x03A0	0x00F0      	MOVWF      R0
0x03A1	0x3080      	MOVLW      128
0x03A2	0x3A0A      	XORLW      10
0x03A3	0x0270      	SUBWF      R0, 0
0x03A4	0x1803      	BTFSC      STATUS, 0
0x03A5	0x2BA9      	GOTO       L_add_user34
0x03A6	0x3030      	MOVLW      48
0x03A7	0x00E1      	MOVWF      FARG_Lcd_Chr_CP_out_char
0x03A8	0x2091      	CALL       _Lcd_Chr_CP
L_add_user34:
0x03A9	0x304E      	MOVLW      _str
0x03AA	0x00D8      	MOVWF      FARG_Lcd_Out_CP_text
0x03AB	0x2224      	CALL       _Lcd_Out_CP
0x03AC	0x300B      	MOVLW      11
0x03AD	0x00FB      	MOVWF      R11
0x03AE	0x3026      	MOVLW      38
0x03AF	0x00FC      	MOVWF      R12
0x03B0	0x305D      	MOVLW      93
0x03B1	0x00FD      	MOVWF      R13
L_add_user35:
0x03B2	0x0BFD      	DECFSZ     R13, 1
0x03B3	0x2BB2      	GOTO       L_add_user35
0x03B4	0x0BFC      	DECFSZ     R12, 1
0x03B5	0x2BB2      	GOTO       L_add_user35
0x03B6	0x0BFB      	DECFSZ     R11, 1
0x03B7	0x2BB2      	GOTO       L_add_user35
0x03B8	0x0000      	NOP
0x03B9	0x0000      	NOP
L_end_add_user:
0x03BA	0x0008      	RETURN
; end of _add_user
_strcmp:
L_strcmp30:
0x03BB	0x1283      	BCF        STATUS, 5
0x03BC	0x1303      	BCF        STATUS, 6
0x03BD	0x0856      	MOVF       FARG_strcmp_s1, 0
0x03BE	0x0084      	MOVWF      FSR
0x03BF	0x0800      	MOVF       INDF, 0
0x03C0	0x1903      	BTFSC      STATUS, 2
0x03C1	0x2BCF      	GOTO       L_strcmp31
0x03C2	0x0856      	MOVF       FARG_strcmp_s1, 0
0x03C3	0x0084      	MOVWF      FSR
0x03C4	0x0800      	MOVF       INDF, 0
0x03C5	0x00F1      	MOVWF      R1
0x03C6	0x0857      	MOVF       FARG_strcmp_s2, 0
0x03C7	0x0084      	MOVWF      FSR
0x03C8	0x0871      	MOVF       R1, 0
0x03C9	0x0600      	XORWF      INDF, 0
0x03CA	0x1D03      	BTFSS      STATUS, 2
0x03CB	0x2BCF      	GOTO       L_strcmp31
L__strcmp81:
0x03CC	0x0AD6      	INCF       FARG_strcmp_s1, 1
0x03CD	0x0AD7      	INCF       FARG_strcmp_s2, 1
0x03CE	0x2BBB      	GOTO       L_strcmp30
L_strcmp31:
0x03CF	0x0856      	MOVF       FARG_strcmp_s1, 0
0x03D0	0x0084      	MOVWF      FSR
0x03D1	0x0800      	MOVF       INDF, 0
0x03D2	0x00F0      	MOVWF      R0
0x03D3	0x0857      	MOVF       FARG_strcmp_s2, 0
0x03D4	0x0084      	MOVWF      FSR
0x03D5	0x0800      	MOVF       INDF, 0
0x03D6	0x02F0      	SUBWF      R0, 1
0x03D7	0x01F1      	CLRF       R0+1
0x03D8	0x1C03      	BTFSS      STATUS, 0
0x03D9	0x03F1      	DECF       R0+1, 1
L_end_strcmp:
0x03DA	0x0008      	RETURN
; end of _strcmp
_suspended_mode:
0x03DB	0x3001      	MOVLW      1
0x03DC	0x1283      	BCF        STATUS, 5
0x03DD	0x1303      	BCF        STATUS, 6
0x03DE	0x00E6      	MOVWF      FARG_Lcd_Cmd_out_char
0x03DF	0x201A      	CALL       _Lcd_Cmd
0x03E0	0x3001      	MOVLW      1
0x03E1	0x00D8      	MOVWF      FARG_Lcd_Out_Const_row
0x03E2	0x3001      	MOVLW      1
0x03E3	0x00D9      	MOVWF      FARG_Lcd_Out_Const_col
0x03E4	0x30F6      	MOVLW      _msg_locked
0x03E5	0x00DA      	MOVWF      FARG_Lcd_Out_Const_text
0x03E6	0x3006      	MOVLW      hi_addr(_msg_locked)
0x03E7	0x00DB      	MOVWF      FARG_Lcd_Out_Const_text+1
0x03E8	0x2130      	CALL       _Lcd_Out_Const
0x03E9	0x3002      	MOVLW      2
0x03EA	0x00D8      	MOVWF      FARG_Lcd_Out_Const_row
0x03EB	0x3001      	MOVLW      1
0x03EC	0x00D9      	MOVWF      FARG_Lcd_Out_Const_col
0x03ED	0x30DA      	MOVLW      _msg_contact
0x03EE	0x00DA      	MOVWF      FARG_Lcd_Out_Const_text
0x03EF	0x3006      	MOVLW      hi_addr(_msg_contact)
0x03F0	0x00DB      	MOVWF      FARG_Lcd_Out_Const_text+1
0x03F1	0x2130      	CALL       _Lcd_Out_Const
L_suspended_mode87:
0x03F2	0x1507      	BSF        PORTC, 2
0x03F3	0x2BF2      	GOTO       L_suspended_mode87
L_end_suspended_mode:
0x03F4	0x0008      	RETURN
; end of _suspended_mode
_admin_mode:
0x03F5	0x1283      	BCF        STATUS, 5
0x03F6	0x1303      	BCF        STATUS, 6
0x03F7	0x01A4      	CLRF       _i
0x03F8	0x3001      	MOVLW      1
0x03F9	0x00E6      	MOVWF      FARG_Lcd_Cmd_out_char
0x03FA	0x201A      	CALL       _Lcd_Cmd
0x03FB	0x1087      	BCF        PORTC, 1
0x03FC	0x1107      	BCF        PORTC, 2
0x03FD	0x082E      	MOVF       _admin, 0
0x03FE	0x1D03      	BTFSS      STATUS, 2
0x03FF	0x2C19      	GOTO       L_admin_mode68
0x0400	0x3001      	MOVLW      1
0x0401	0x00D8      	MOVWF      FARG_Lcd_Out_Const_row
0x0402	0x3001      	MOVLW      1
0x0403	0x00D9      	MOVWF      FARG_Lcd_Out_Const_col
0x0404	0x305B      	MOVLW      _msg_admin_mode
0x0405	0x00DA      	MOVWF      FARG_Lcd_Out_Const_text
0x0406	0x3007      	MOVLW      hi_addr(_msg_admin_mode)
0x0407	0x00DB      	MOVWF      FARG_Lcd_Out_Const_text+1
0x0408	0x2130      	CALL       _Lcd_Out_Const
0x0409	0x3002      	MOVLW      2
0x040A	0x00FB      	MOVWF      R11
0x040B	0x3004      	MOVLW      4
0x040C	0x00FC      	MOVWF      R12
0x040D	0x30BA      	MOVLW      186
0x040E	0x00FD      	MOVWF      R13
L_admin_mode69:
0x040F	0x0BFD      	DECFSZ     R13, 1
0x0410	0x2C0F      	GOTO       L_admin_mode69
0x0411	0x0BFC      	DECFSZ     R12, 1
0x0412	0x2C0F      	GOTO       L_admin_mode69
0x0413	0x0BFB      	DECFSZ     R11, 1
0x0414	0x2C0F      	GOTO       L_admin_mode69
0x0415	0x0000      	NOP
0x0416	0x3001      	MOVLW      1
0x0417	0x00AE      	MOVWF      _admin
0x0418	0x01AD      	CLRF       _user
L_admin_mode68:
0x0419	0x3001      	MOVLW      1
0x041A	0x00D8      	MOVWF      FARG_Lcd_Out_Const_row
0x041B	0x3001      	MOVLW      1
0x041C	0x00D9      	MOVWF      FARG_Lcd_Out_Const_col
0x041D	0x309C      	MOVLW      _msg_enter_admin
0x041E	0x00DA      	MOVWF      FARG_Lcd_Out_Const_text
0x041F	0x3006      	MOVLW      hi_addr(_msg_enter_admin)
0x0420	0x00DB      	MOVWF      FARG_Lcd_Out_Const_text+1
0x0421	0x2130      	CALL       _Lcd_Out_Const
0x0422	0x3002      	MOVLW      2
0x0423	0x00D8      	MOVWF      FARG_Lcd_Out_Const_row
0x0424	0x3001      	MOVLW      1
0x0425	0x00D9      	MOVWF      FARG_Lcd_Out_Const_col
0x0426	0x30A0      	MOVLW      _msg_empty
0x0427	0x00DA      	MOVWF      FARG_Lcd_Out_Const_text
0x0428	0x3007      	MOVLW      hi_addr(_msg_empty)
0x0429	0x00DB      	MOVWF      FARG_Lcd_Out_Const_text+1
0x042A	0x2130      	CALL       _Lcd_Out_Const
0x042B	0x3030      	MOVLW      _password_input
0x042C	0x00D8      	MOVWF      FARG_memset_p1
0x042D	0x01D9      	CLRF       FARG_memset_character
0x042E	0x3005      	MOVLW      5
0x042F	0x00DA      	MOVWF      FARG_memset_n
0x0430	0x3000      	MOVLW      0
0x0431	0x00DB      	MOVWF      FARG_memset_n+1
0x0432	0x2117      	CALL       _memset
0x0433	0x01A4      	CLRF       _i
L_admin_mode70:
0x0434	0x3080      	MOVLW      128
0x0435	0x0624      	XORWF      _i, 0
0x0436	0x00F0      	MOVWF      R0
0x0437	0x3080      	MOVLW      128
0x0438	0x3A04      	XORLW      4
0x0439	0x0270      	SUBWF      R0, 0
0x043A	0x1803      	BTFSC      STATUS, 0
0x043B	0x2C54      	GOTO       L_admin_mode71
L_admin_mode73:
0x043C	0x21C0      	CALL       _get_mapped_key
0x043D	0x0870      	MOVF       R0, 0
0x043E	0x00AF      	MOVWF      _key
0x043F	0x0870      	MOVF       R0, 0
0x0440	0x3A00      	XORLW      0
0x0441	0x1903      	BTFSC      STATUS, 2
0x0442	0x2C3C      	GOTO       L_admin_mode73
0x0443	0x082F      	MOVF       _key, 0
0x0444	0x3A4D      	XORLW      77
0x0445	0x1D03      	BTFSS      STATUS, 2
0x0446	0x2C4A      	GOTO       L_admin_mode76
0x0447	0x3001      	MOVLW      1
0x0448	0x00A5      	MOVWF      _current_state
0x0449	0x2CDE      	GOTO       L_end_admin_mode
L_admin_mode76:
0x044A	0x0824      	MOVF       _i, 0
0x044B	0x3E30      	ADDLW      _password_input
0x044C	0x0084      	MOVWF      FSR
0x044D	0x082F      	MOVF       _key, 0
0x044E	0x0080      	MOVWF      INDF
0x044F	0x302A      	MOVLW      42
0x0450	0x00E1      	MOVWF      FARG_Lcd_Chr_CP_out_char
0x0451	0x2091      	CALL       _Lcd_Chr_CP
0x0452	0x0AA4      	INCF       _i, 1
0x0453	0x2C34      	GOTO       L_admin_mode70
L_admin_mode71:
0x0454	0x3030      	MOVLW      _password_input
0x0455	0x00D6      	MOVWF      FARG_strcmp_s1
0x0456	0x3027      	MOVLW      _ADMIN_KEY
0x0457	0x00D7      	MOVWF      FARG_strcmp_s2
0x0458	0x23BB      	CALL       _strcmp
0x0459	0x3000      	MOVLW      0
0x045A	0x0671      	XORWF      R0+1, 0
0x045B	0x1D03      	BTFSS      STATUS, 2
0x045C	0x2C5F      	GOTO       L__admin_mode105
0x045D	0x3000      	MOVLW      0
0x045E	0x0670      	XORWF      R0, 0
L__admin_mode105:
0x045F	0x1D03      	BTFSS      STATUS, 2
0x0460	0x2CA5      	GOTO       L_admin_mode77
0x0461	0x3001      	MOVLW      1
0x0462	0x00E6      	MOVWF      FARG_Lcd_Cmd_out_char
0x0463	0x201A      	CALL       _Lcd_Cmd
0x0464	0x3001      	MOVLW      1
0x0465	0x00D8      	MOVWF      FARG_Lcd_Out_Const_row
0x0466	0x3002      	MOVLW      2
0x0467	0x00D9      	MOVWF      FARG_Lcd_Out_Const_col
0x0468	0x3098      	MOVLW      _msg_welcome
0x0469	0x00DA      	MOVWF      FARG_Lcd_Out_Const_text
0x046A	0x3007      	MOVLW      hi_addr(_msg_welcome)
0x046B	0x00DB      	MOVWF      FARG_Lcd_Out_Const_text+1
0x046C	0x2130      	CALL       _Lcd_Out_Const
0x046D	0x3002      	MOVLW      2
0x046E	0x00D8      	MOVWF      FARG_Lcd_Out_Const_row
0x046F	0x3003      	MOVLW      3
0x0470	0x00D9      	MOVWF      FARG_Lcd_Out_Const_col
0x0471	0x3066      	MOVLW      _msg_elhefnawy
0x0472	0x00DA      	MOVWF      FARG_Lcd_Out_Const_text
0x0473	0x3007      	MOVLW      hi_addr(_msg_elhefnawy)
0x0474	0x00DB      	MOVWF      FARG_Lcd_Out_Const_text+1
0x0475	0x2130      	CALL       _Lcd_Out_Const
0x0476	0x3003      	MOVLW      3
0x0477	0x00FB      	MOVWF      R11
0x0478	0x3008      	MOVLW      8
0x0479	0x00FC      	MOVWF      R12
0x047A	0x3077      	MOVLW      119
0x047B	0x00FD      	MOVWF      R13
L_admin_mode78:
0x047C	0x0BFD      	DECFSZ     R13, 1
0x047D	0x2C7C      	GOTO       L_admin_mode78
0x047E	0x0BFC      	DECFSZ     R12, 1
0x047F	0x2C7C      	GOTO       L_admin_mode78
0x0480	0x0BFB      	DECFSZ     R11, 1
0x0481	0x2C7C      	GOTO       L_admin_mode78
0x0482	0x3003      	MOVLW      3
0x0483	0x00A6      	MOVWF      _tries_left
0x0484	0x3001      	MOVLW      1
0x0485	0x00D8      	MOVWF      FARG_Lcd_Out_Const_row
0x0486	0x3001      	MOVLW      1
0x0487	0x00D9      	MOVWF      FARG_Lcd_Out_Const_col
0x0488	0x3044      	MOVLW      _msg_opt1
0x0489	0x00DA      	MOVWF      FARG_Lcd_Out_Const_text
0x048A	0x3007      	MOVLW      hi_addr(_msg_opt1)
0x048B	0x00DB      	MOVWF      FARG_Lcd_Out_Const_text+1
0x048C	0x2130      	CALL       _Lcd_Out_Const
0x048D	0x3002      	MOVLW      2
0x048E	0x00D8      	MOVWF      FARG_Lcd_Out_Const_row
0x048F	0x3001      	MOVLW      1
0x0490	0x00D9      	MOVWF      FARG_Lcd_Out_Const_col
0x0491	0x30BC      	MOVLW      _msg_opt2
0x0492	0x00DA      	MOVWF      FARG_Lcd_Out_Const_text
0x0493	0x3006      	MOVLW      hi_addr(_msg_opt2)
0x0494	0x00DB      	MOVWF      FARG_Lcd_Out_Const_text+1
0x0495	0x2130      	CALL       _Lcd_Out_Const
L_admin_mode79:
0x0496	0x21C0      	CALL       _get_mapped_key
0x0497	0x0870      	MOVF       R0, 0
0x0498	0x00AF      	MOVWF      _key
0x0499	0x0870      	MOVF       R0, 0
0x049A	0x3A00      	XORLW      0
0x049B	0x1903      	BTFSC      STATUS, 2
0x049C	0x2C96      	GOTO       L_admin_mode79
0x049D	0x082F      	MOVF       _key, 0
0x049E	0x3A31      	XORLW      49
0x049F	0x1D03      	BTFSS      STATUS, 2
0x04A0	0x2CA3      	GOTO       L_admin_mode82
0x04A1	0x22D5      	CALL       _add_user
0x04A2	0x2CA4      	GOTO       L_admin_mode83
L_admin_mode82:
0x04A3	0x2262      	CALL       _delete_user
L_admin_mode83:
0x04A4	0x2CDD      	GOTO       L_admin_mode84
L_admin_mode77:
0x04A5	0x03A6      	DECF       _tries_left, 1
0x04A6	0x3080      	MOVLW      128
0x04A7	0x3A00      	XORLW      0
0x04A8	0x00F0      	MOVWF      R0
0x04A9	0x3080      	MOVLW      128
0x04AA	0x0626      	XORWF      _tries_left, 0
0x04AB	0x0270      	SUBWF      R0, 0
0x04AC	0x1C03      	BTFSS      STATUS, 0
0x04AD	0x2CB1      	GOTO       L_admin_mode85
0x04AE	0x3002      	MOVLW      2
0x04AF	0x00A5      	MOVWF      _current_state
0x04B0	0x2CDE      	GOTO       L_end_admin_mode
L_admin_mode85:
0x04B1	0x3001      	MOVLW      1
0x04B2	0x00E6      	MOVWF      FARG_Lcd_Cmd_out_char
0x04B3	0x201A      	CALL       _Lcd_Cmd
0x04B4	0x3001      	MOVLW      1
0x04B5	0x00D8      	MOVWF      FARG_Lcd_Out_Const_row
0x04B6	0x3001      	MOVLW      1
0x04B7	0x00D9      	MOVWF      FARG_Lcd_Out_Const_col
0x04B8	0x30AD      	MOVLW      _msg_wrong
0x04B9	0x00DA      	MOVWF      FARG_Lcd_Out_Const_text
0x04BA	0x3006      	MOVLW      hi_addr(_msg_wrong)
0x04BB	0x00DB      	MOVWF      FARG_Lcd_Out_Const_text+1
0x04BC	0x2130      	CALL       _Lcd_Out_Const
0x04BD	0x3002      	MOVLW      2
0x04BE	0x00D8      	MOVWF      FARG_Lcd_Out_Const_row
0x04BF	0x3001      	MOVLW      1
0x04C0	0x00D9      	MOVWF      FARG_Lcd_Out_Const_col
0x04C1	0x3004      	MOVLW      _msg_tries
0x04C2	0x00DA      	MOVWF      FARG_Lcd_Out_Const_text
0x04C3	0x3007      	MOVLW      hi_addr(_msg_tries)
0x04C4	0x00DB      	MOVWF      FARG_Lcd_Out_Const_text+1
0x04C5	0x2130      	CALL       _Lcd_Out_Const
0x04C6	0x0826      	MOVF       _tries_left, 0
0x04C7	0x00D8      	MOVWF      FARG_ByteToStr_input
0x04C8	0x304E      	MOVLW      _str
0x04C9	0x00D9      	MOVWF      FARG_ByteToStr_output
0x04CA	0x218E      	CALL       _ByteToStr
0x04CB	0x304E      	MOVLW      _str
0x04CC	0x00D8      	MOVWF      FARG_Ltrim_string
0x04CD	0x2236      	CALL       _Ltrim
0x04CE	0x304E      	MOVLW      _str
0x04CF	0x00D8      	MOVWF      FARG_Lcd_Out_CP_text
0x04D0	0x2224      	CALL       _Lcd_Out_CP
0x04D1	0x3003      	MOVLW      3
0x04D2	0x00FB      	MOVWF      R11
0x04D3	0x3008      	MOVLW      8
0x04D4	0x00FC      	MOVWF      R12
0x04D5	0x3077      	MOVLW      119
0x04D6	0x00FD      	MOVWF      R13
L_admin_mode86:
0x04D7	0x0BFD      	DECFSZ     R13, 1
0x04D8	0x2CD7      	GOTO       L_admin_mode86
0x04D9	0x0BFC      	DECFSZ     R12, 1
0x04DA	0x2CD7      	GOTO       L_admin_mode86
0x04DB	0x0BFB      	DECFSZ     R11, 1
0x04DC	0x2CD7      	GOTO       L_admin_mode86
L_admin_mode84:
0x04DD	0x01A5      	CLRF       _current_state
L_end_admin_mode:
0x04DE	0x0008      	RETURN
; end of _admin_mode
_login_mode:
0x04DF	0x1283      	BCF        STATUS, 5
0x04E0	0x1303      	BCF        STATUS, 6
0x04E1	0x01A4      	CLRF       _i
0x04E2	0x01A1      	CLRF       _slot
0x04E3	0x01A0      	CLRF       _addr
0x04E4	0x01AC      	CLRF       _match_found
0x04E5	0x3001      	MOVLW      1
0x04E6	0x00E6      	MOVWF      FARG_Lcd_Cmd_out_char
0x04E7	0x201A      	CALL       _Lcd_Cmd
0x04E8	0x1087      	BCF        PORTC, 1
0x04E9	0x1507      	BSF        PORTC, 2
0x04EA	0x082D      	MOVF       _user, 0
0x04EB	0x1D03      	BTFSS      STATUS, 2
0x04EC	0x2D05      	GOTO       L_login_mode45
0x04ED	0x3001      	MOVLW      1
0x04EE	0x00D8      	MOVWF      FARG_Lcd_Out_Const_row
0x04EF	0x3001      	MOVLW      1
0x04F0	0x00D9      	MOVWF      FARG_Lcd_Out_Const_col
0x04F1	0x3084      	MOVLW      _msg_user_mode
0x04F2	0x00DA      	MOVWF      FARG_Lcd_Out_Const_text
0x04F3	0x3007      	MOVLW      hi_addr(_msg_user_mode)
0x04F4	0x00DB      	MOVWF      FARG_Lcd_Out_Const_text+1
0x04F5	0x2130      	CALL       _Lcd_Out_Const
0x04F6	0x3003      	MOVLW      3
0x04F7	0x00FB      	MOVWF      R11
0x04F8	0x3008      	MOVLW      8
0x04F9	0x00FC      	MOVWF      R12
0x04FA	0x3077      	MOVLW      119
0x04FB	0x00FD      	MOVWF      R13
L_login_mode46:
0x04FC	0x0BFD      	DECFSZ     R13, 1
0x04FD	0x2CFC      	GOTO       L_login_mode46
0x04FE	0x0BFC      	DECFSZ     R12, 1
0x04FF	0x2CFC      	GOTO       L_login_mode46
0x0500	0x0BFB      	DECFSZ     R11, 1
0x0501	0x2CFC      	GOTO       L_login_mode46
0x0502	0x3001      	MOVLW      1
0x0503	0x00AD      	MOVWF      _user
0x0504	0x01AE      	CLRF       _admin
L_login_mode45:
0x0505	0x3001      	MOVLW      1
0x0506	0x00D8      	MOVWF      FARG_Lcd_Out_Const_row
0x0507	0x3001      	MOVLW      1
0x0508	0x00D9      	MOVWF      FARG_Lcd_Out_Const_col
0x0509	0x3050      	MOVLW      _msg_enter_key
0x050A	0x00DA      	MOVWF      FARG_Lcd_Out_Const_text
0x050B	0x3007      	MOVLW      hi_addr(_msg_enter_key)
0x050C	0x00DB      	MOVWF      FARG_Lcd_Out_Const_text+1
0x050D	0x2130      	CALL       _Lcd_Out_Const
0x050E	0x3030      	MOVLW      _password_input
0x050F	0x00D8      	MOVWF      FARG_memset_p1
0x0510	0x01D9      	CLRF       FARG_memset_character
0x0511	0x3005      	MOVLW      5
0x0512	0x00DA      	MOVWF      FARG_memset_n
0x0513	0x3000      	MOVLW      0
0x0514	0x00DB      	MOVWF      FARG_memset_n+1
0x0515	0x2117      	CALL       _memset
0x0516	0x3049      	MOVLW      _stored_pass
0x0517	0x00D8      	MOVWF      FARG_memset_p1
0x0518	0x01D9      	CLRF       FARG_memset_character
0x0519	0x3005      	MOVLW      5
0x051A	0x00DA      	MOVWF      FARG_memset_n
0x051B	0x3000      	MOVLW      0
0x051C	0x00DB      	MOVWF      FARG_memset_n+1
0x051D	0x2117      	CALL       _memset
0x051E	0x01A4      	CLRF       _i
L_login_mode47:
0x051F	0x3080      	MOVLW      128
0x0520	0x0624      	XORWF      _i, 0
0x0521	0x00F0      	MOVWF      R0
0x0522	0x3080      	MOVLW      128
0x0523	0x3A04      	XORLW      4
0x0524	0x0270      	SUBWF      R0, 0
0x0525	0x1803      	BTFSC      STATUS, 0
0x0526	0x2D3F      	GOTO       L_login_mode48
L_login_mode50:
0x0527	0x21C0      	CALL       _get_mapped_key
0x0528	0x0870      	MOVF       R0, 0
0x0529	0x00AF      	MOVWF      _key
0x052A	0x0870      	MOVF       R0, 0
0x052B	0x3A00      	XORLW      0
0x052C	0x1903      	BTFSC      STATUS, 2
0x052D	0x2D27      	GOTO       L_login_mode50
0x052E	0x082F      	MOVF       _key, 0
0x052F	0x3A4D      	XORLW      77
0x0530	0x1D03      	BTFSS      STATUS, 2
0x0531	0x2D35      	GOTO       L_login_mode53
0x0532	0x3001      	MOVLW      1
0x0533	0x00A5      	MOVWF      _current_state
0x0534	0x2DED      	GOTO       L_end_login_mode
L_login_mode53:
0x0535	0x0824      	MOVF       _i, 0
0x0536	0x3E30      	ADDLW      _password_input
0x0537	0x0084      	MOVWF      FSR
0x0538	0x082F      	MOVF       _key, 0
0x0539	0x0080      	MOVWF      INDF
0x053A	0x302A      	MOVLW      42
0x053B	0x00E1      	MOVWF      FARG_Lcd_Chr_CP_out_char
0x053C	0x2091      	CALL       _Lcd_Chr_CP
0x053D	0x0AA4      	INCF       _i, 1
0x053E	0x2D1F      	GOTO       L_login_mode47
L_login_mode48:
0x053F	0x01A1      	CLRF       _slot
L_login_mode54:
0x0540	0x3080      	MOVLW      128
0x0541	0x0621      	XORWF      _slot, 0
0x0542	0x00F0      	MOVWF      R0
0x0543	0x3080      	MOVLW      128
0x0544	0x3A40      	XORLW      64
0x0545	0x0270      	SUBWF      R0, 0
0x0546	0x1803      	BTFSC      STATUS, 0
0x0547	0x2D8C      	GOTO       L_login_mode55
0x0548	0x0821      	MOVF       _slot, 0
0x0549	0x00F0      	MOVWF      R0
0x054A	0x0DF0      	RLF        R0, 1
0x054B	0x1070      	BCF        R0, 0
0x054C	0x0DF0      	RLF        R0, 1
0x054D	0x1070      	BCF        R0, 0
0x054E	0x0870      	MOVF       R0, 0
0x054F	0x00A0      	MOVWF      _addr
0x0550	0x0870      	MOVF       R0, 0
0x0551	0x00D8      	MOVWF      FARG_EEPROM_Read_Address
0x0552	0x2218      	CALL       _EEPROM_Read
0x0553	0x0870      	MOVF       R0, 0
0x0554	0x3AFF      	XORLW      255
0x0555	0x1D03      	BTFSS      STATUS, 2
0x0556	0x2D58      	GOTO       L_login_mode57
0x0557	0x2D89      	GOTO       L_login_mode56
L_login_mode57:
0x0558	0x1303      	BCF        STATUS, 6
0x0559	0x01A4      	CLRF       _i
L_login_mode58:
0x055A	0x3080      	MOVLW      128
0x055B	0x0624      	XORWF      _i, 0
0x055C	0x00F0      	MOVWF      R0
0x055D	0x3080      	MOVLW      128
0x055E	0x3A04      	XORLW      4
0x055F	0x0270      	SUBWF      R0, 0
0x0560	0x1803      	BTFSC      STATUS, 0
0x0561	0x2D79      	GOTO       L_login_mode59
0x0562	0x0824      	MOVF       _i, 0
0x0563	0x3E49      	ADDLW      _stored_pass
0x0564	0x00D5      	MOVWF      FLOC__login_mode
0x0565	0x0824      	MOVF       _i, 0
0x0566	0x0720      	ADDWF      _addr, 0
0x0567	0x00D8      	MOVWF      FARG_EEPROM_Read_Address
0x0568	0x2218      	CALL       _EEPROM_Read
0x0569	0x1303      	BCF        STATUS, 6
0x056A	0x0855      	MOVF       FLOC__login_mode, 0
0x056B	0x0084      	MOVWF      FSR
0x056C	0x0870      	MOVF       R0, 0
0x056D	0x0080      	MOVWF      INDF
0x056E	0x301A      	MOVLW      26
0x056F	0x00FC      	MOVWF      R12
0x0570	0x30F8      	MOVLW      248
0x0571	0x00FD      	MOVWF      R13
L_login_mode61:
0x0572	0x0BFD      	DECFSZ     R13, 1
0x0573	0x2D72      	GOTO       L_login_mode61
0x0574	0x0BFC      	DECFSZ     R12, 1
0x0575	0x2D72      	GOTO       L_login_mode61
0x0576	0x0000      	NOP
0x0577	0x0AA4      	INCF       _i, 1
0x0578	0x2D5A      	GOTO       L_login_mode58
L_login_mode59:
0x0579	0x3030      	MOVLW      _password_input
0x057A	0x00D6      	MOVWF      FARG_strcmp_s1
0x057B	0x3049      	MOVLW      _stored_pass
0x057C	0x00D7      	MOVWF      FARG_strcmp_s2
0x057D	0x23BB      	CALL       _strcmp
0x057E	0x3000      	MOVLW      0
0x057F	0x0671      	XORWF      R0+1, 0
0x0580	0x1D03      	BTFSS      STATUS, 2
0x0581	0x2D84      	GOTO       L__login_mode103
0x0582	0x3000      	MOVLW      0
0x0583	0x0670      	XORWF      R0, 0
L__login_mode103:
0x0584	0x1D03      	BTFSS      STATUS, 2
0x0585	0x2D89      	GOTO       L_login_mode62
0x0586	0x3001      	MOVLW      1
0x0587	0x00AC      	MOVWF      _match_found
0x0588	0x2D8C      	GOTO       L_login_mode55
L_login_mode62:
L_login_mode56:
0x0589	0x1303      	BCF        STATUS, 6
0x058A	0x0AA1      	INCF       _slot, 1
0x058B	0x2D40      	GOTO       L_login_mode54
L_login_mode55:
0x058C	0x082C      	MOVF       _match_found, 0
0x058D	0x1903      	BTFSC      STATUS, 2
0x058E	0x2DB5      	GOTO       L_login_mode63
0x058F	0x3001      	MOVLW      1
0x0590	0x00E6      	MOVWF      FARG_Lcd_Cmd_out_char
0x0591	0x201A      	CALL       _Lcd_Cmd
0x0592	0x3001      	MOVLW      1
0x0593	0x00D8      	MOVWF      FARG_Lcd_Out_Const_row
0x0594	0x3002      	MOVLW      2
0x0595	0x00D9      	MOVWF      FARG_Lcd_Out_Const_col
0x0596	0x3098      	MOVLW      _msg_welcome
0x0597	0x00DA      	MOVWF      FARG_Lcd_Out_Const_text
0x0598	0x3007      	MOVLW      hi_addr(_msg_welcome)
0x0599	0x00DB      	MOVWF      FARG_Lcd_Out_Const_text+1
0x059A	0x2130      	CALL       _Lcd_Out_Const
0x059B	0x3002      	MOVLW      2
0x059C	0x00D8      	MOVWF      FARG_Lcd_Out_Const_row
0x059D	0x3003      	MOVLW      3
0x059E	0x00D9      	MOVWF      FARG_Lcd_Out_Const_col
0x059F	0x30CB      	MOVLW      _msg_access
0x05A0	0x00DA      	MOVWF      FARG_Lcd_Out_Const_text
0x05A1	0x3006      	MOVLW      hi_addr(_msg_access)
0x05A2	0x00DB      	MOVWF      FARG_Lcd_Out_Const_text+1
0x05A3	0x2130      	CALL       _Lcd_Out_Const
0x05A4	0x1487      	BSF        PORTC, 1
0x05A5	0x1107      	BCF        PORTC, 2
0x05A6	0x3003      	MOVLW      3
0x05A7	0x00FB      	MOVWF      R11
0x05A8	0x3008      	MOVLW      8
0x05A9	0x00FC      	MOVWF      R12
0x05AA	0x3077      	MOVLW      119
0x05AB	0x00FD      	MOVWF      R13
L_login_mode64:
0x05AC	0x0BFD      	DECFSZ     R13, 1
0x05AD	0x2DAC      	GOTO       L_login_mode64
0x05AE	0x0BFC      	DECFSZ     R12, 1
0x05AF	0x2DAC      	GOTO       L_login_mode64
0x05B0	0x0BFB      	DECFSZ     R11, 1
0x05B1	0x2DAC      	GOTO       L_login_mode64
0x05B2	0x3003      	MOVLW      3
0x05B3	0x00A6      	MOVWF      _tries_left
0x05B4	0x2DED      	GOTO       L_login_mode65
L_login_mode63:
0x05B5	0x03A6      	DECF       _tries_left, 1
0x05B6	0x3080      	MOVLW      128
0x05B7	0x3A00      	XORLW      0
0x05B8	0x00F0      	MOVWF      R0
0x05B9	0x3080      	MOVLW      128
0x05BA	0x0626      	XORWF      _tries_left, 0
0x05BB	0x0270      	SUBWF      R0, 0
0x05BC	0x1C03      	BTFSS      STATUS, 0
0x05BD	0x2DC1      	GOTO       L_login_mode66
0x05BE	0x3002      	MOVLW      2
0x05BF	0x00A5      	MOVWF      _current_state
0x05C0	0x2DED      	GOTO       L_end_login_mode
L_login_mode66:
0x05C1	0x3001      	MOVLW      1
0x05C2	0x00E6      	MOVWF      FARG_Lcd_Cmd_out_char
0x05C3	0x201A      	CALL       _Lcd_Cmd
0x05C4	0x3001      	MOVLW      1
0x05C5	0x00D8      	MOVWF      FARG_Lcd_Out_Const_row
0x05C6	0x3001      	MOVLW      1
0x05C7	0x00D9      	MOVWF      FARG_Lcd_Out_Const_col
0x05C8	0x30AD      	MOVLW      _msg_wrong
0x05C9	0x00DA      	MOVWF      FARG_Lcd_Out_Const_text
0x05CA	0x3006      	MOVLW      hi_addr(_msg_wrong)
0x05CB	0x00DB      	MOVWF      FARG_Lcd_Out_Const_text+1
0x05CC	0x2130      	CALL       _Lcd_Out_Const
0x05CD	0x3002      	MOVLW      2
0x05CE	0x00D8      	MOVWF      FARG_Lcd_Out_Const_row
0x05CF	0x3001      	MOVLW      1
0x05D0	0x00D9      	MOVWF      FARG_Lcd_Out_Const_col
0x05D1	0x3004      	MOVLW      _msg_tries
0x05D2	0x00DA      	MOVWF      FARG_Lcd_Out_Const_text
0x05D3	0x3007      	MOVLW      hi_addr(_msg_tries)
0x05D4	0x00DB      	MOVWF      FARG_Lcd_Out_Const_text+1
0x05D5	0x2130      	CALL       _Lcd_Out_Const
0x05D6	0x0826      	MOVF       _tries_left, 0
0x05D7	0x00D8      	MOVWF      FARG_ByteToStr_input
0x05D8	0x304E      	MOVLW      _str
0x05D9	0x00D9      	MOVWF      FARG_ByteToStr_output
0x05DA	0x218E      	CALL       _ByteToStr
0x05DB	0x304E      	MOVLW      _str
0x05DC	0x00D8      	MOVWF      FARG_Ltrim_string
0x05DD	0x2236      	CALL       _Ltrim
0x05DE	0x304E      	MOVLW      _str
0x05DF	0x00D8      	MOVWF      FARG_Lcd_Out_CP_text
0x05E0	0x2224      	CALL       _Lcd_Out_CP
0x05E1	0x3003      	MOVLW      3
0x05E2	0x00FB      	MOVWF      R11
0x05E3	0x3008      	MOVLW      8
0x05E4	0x00FC      	MOVWF      R12
0x05E5	0x3077      	MOVLW      119
0x05E6	0x00FD      	MOVWF      R13
L_login_mode67:
0x05E7	0x0BFD      	DECFSZ     R13, 1
0x05E8	0x2DE7      	GOTO       L_login_mode67
0x05E9	0x0BFC      	DECFSZ     R12, 1
0x05EA	0x2DE7      	GOTO       L_login_mode67
0x05EB	0x0BFB      	DECFSZ     R11, 1
0x05EC	0x2DE7      	GOTO       L_login_mode67
L_login_mode65:
L_end_login_mode:
0x05ED	0x0008      	RETURN
; end of _login_mode
_Keypad_Init:
0x05EE	0x30FF      	MOVLW      255
0x05EF	0x1683      	BSF        STATUS, 5
0x05F0	0x1303      	BCF        STATUS, 6
0x05F1	0x0086      	MOVWF      keypadPort+128
L_end_Keypad_Init:
0x05F2	0x0008      	RETURN
; end of _Keypad_Init
___CC2DW:
_CC2D_Loop1:
0x05F3	0x20F7      	CALL       _____DoICP
0x05F4	0x118A      	BCF        PCLATH, 3
0x05F5	0x120A      	BCF        PCLATH, 4
0x05F6	0x0080      	MOVWF      INDF
0x05F7	0x0A84      	INCF       FSR, 1
0x05F8	0x0AB5      	INCF       ___DoICPAddr, 1
0x05F9	0x1903      	BTFSC      STATUS, 2
0x05FA	0x0AB6      	INCF       ___DoICPAddr+1, 1
0x05FB	0x03F0      	DECF       R0, 1
0x05FC	0x1D03      	BTFSS      STATUS, 2
0x05FD	0x2DF3      	GOTO       _CC2D_Loop1
L_end___CC2DW:
0x05FE	0x0008      	RETURN
; end of ___CC2DW
_Lcd_Init:
0x05FF	0x1683      	BSF        STATUS, 5
0x0600	0x1303      	BCF        STATUS, 6
0x0601	0x1208      	BCF        LCD_EN_Direction, BitPos(LCD_EN_Direction+0)
0x0602	0x1288      	BCF        LCD_RS_Direction, BitPos(LCD_RS_Direction+0)
0x0603	0x1008      	BCF        LCD_D4_Direction, BitPos(LCD_D4_Direction+0)
0x0604	0x1088      	BCF        LCD_D5_Direction, BitPos(LCD_D5_Direction+0)
0x0605	0x1108      	BCF        LCD_D6_Direction, BitPos(LCD_D6_Direction+0)
0x0606	0x1188      	BCF        LCD_D7_Direction, BitPos(LCD_D7_Direction+0)
0x0607	0x1283      	BCF        STATUS, 5
0x0608	0x1208      	BCF        LCD_EN, BitPos(LCD_EN+0)
0x0609	0x1288      	BCF        LCD_RS, BitPos(LCD_RS+0)
0x060A	0x1188      	BCF        LCD_D7, BitPos(LCD_D7+0)
0x060B	0x1108      	BCF        LCD_D6, BitPos(LCD_D6+0)
0x060C	0x1088      	BCF        LCD_D5, BitPos(LCD_D5+0)
0x060D	0x1008      	BCF        LCD_D4, BitPos(LCD_D4+0)
0x060E	0x2006      	CALL       _Delay_5500us
0x060F	0x2006      	CALL       _Delay_5500us
0x0610	0x2006      	CALL       _Delay_5500us
0x0611	0x1488      	BSF        LCD_D5, BitPos(LCD_D5+0)
0x0612	0x1408      	BSF        LCD_D4, BitPos(LCD_D4+0)
0x0613	0x1608      	BSF        LCD_EN, BitPos(LCD_EN+0)
0x0614	0x2003      	CALL       _Delay_1us
0x0615	0x1208      	BCF        LCD_EN, BitPos(LCD_EN+0)
0x0616	0x2006      	CALL       _Delay_5500us
0x0617	0x1608      	BSF        LCD_EN, BitPos(LCD_EN+0)
0x0618	0x2003      	CALL       _Delay_1us
0x0619	0x1208      	BCF        LCD_EN, BitPos(LCD_EN+0)
0x061A	0x2006      	CALL       _Delay_5500us
0x061B	0x1608      	BSF        LCD_EN, BitPos(LCD_EN+0)
0x061C	0x2003      	CALL       _Delay_1us
0x061D	0x1208      	BCF        LCD_EN, BitPos(LCD_EN+0)
0x061E	0x2006      	CALL       _Delay_5500us
0x061F	0x1008      	BCF        LCD_D4, BitPos(LCD_D4+0)
0x0620	0x1608      	BSF        LCD_EN, BitPos(LCD_EN+0)
0x0621	0x2003      	CALL       _Delay_1us
0x0622	0x1208      	BCF        LCD_EN, BitPos(LCD_EN+0)
0x0623	0x2006      	CALL       _Delay_5500us
0x0624	0x1608      	BSF        LCD_EN, BitPos(LCD_EN+0)
0x0625	0x2003      	CALL       _Delay_1us
0x0626	0x1208      	BCF        LCD_EN, BitPos(LCD_EN+0)
0x0627	0x1088      	BCF        LCD_D5, BitPos(LCD_D5+0)
0x0628	0x1588      	BSF        LCD_D7, BitPos(LCD_D7+0)
0x0629	0x1608      	BSF        LCD_EN, BitPos(LCD_EN+0)
0x062A	0x2003      	CALL       _Delay_1us
0x062B	0x1208      	BCF        LCD_EN, BitPos(LCD_EN+0)
0x062C	0x2006      	CALL       _Delay_5500us
0x062D	0x1188      	BCF        LCD_D7, BitPos(LCD_D7+0)
0x062E	0x1408      	BSF        LCD_D4, BitPos(LCD_D4+0)
0x062F	0x1608      	BSF        LCD_EN, BitPos(LCD_EN+0)
0x0630	0x2003      	CALL       _Delay_1us
0x0631	0x1208      	BCF        LCD_EN, BitPos(LCD_EN+0)
0x0632	0x1008      	BCF        LCD_D4, BitPos(LCD_D4+0)
0x0633	0x1608      	BSF        LCD_EN, BitPos(LCD_EN+0)
0x0634	0x2003      	CALL       _Delay_1us
0x0635	0x1208      	BCF        LCD_EN, BitPos(LCD_EN+0)
0x0636	0x2006      	CALL       _Delay_5500us
0x0637	0x1608      	BSF        LCD_EN, BitPos(LCD_EN+0)
0x0638	0x2003      	CALL       _Delay_1us
0x0639	0x1208      	BCF        LCD_EN, BitPos(LCD_EN+0)
0x063A	0x1408      	BSF        LCD_D4, BitPos(LCD_D4+0)
0x063B	0x1608      	BSF        LCD_EN, BitPos(LCD_EN+0)
0x063C	0x2003      	CALL       _Delay_1us
0x063D	0x1208      	BCF        LCD_EN, BitPos(LCD_EN+0)
0x063E	0x2006      	CALL       _Delay_5500us
0x063F	0x1008      	BCF        LCD_D4, BitPos(LCD_D4+0)
0x0640	0x1608      	BSF        LCD_EN, BitPos(LCD_EN+0)
0x0641	0x2003      	CALL       _Delay_1us
0x0642	0x1208      	BCF        LCD_EN, BitPos(LCD_EN+0)
0x0643	0x1588      	BSF        LCD_D7, BitPos(LCD_D7+0)
0x0644	0x1508      	BSF        LCD_D6, BitPos(LCD_D6+0)
0x0645	0x1488      	BSF        LCD_D5, BitPos(LCD_D5+0)
0x0646	0x1408      	BSF        LCD_D4, BitPos(LCD_D4+0)
0x0647	0x1608      	BSF        LCD_EN, BitPos(LCD_EN+0)
0x0648	0x2003      	CALL       _Delay_1us
0x0649	0x1208      	BCF        LCD_EN, BitPos(LCD_EN+0)
0x064A	0x2006      	CALL       _Delay_5500us
0x064B	0x1448      	BSF        __Lib_Lcd_cmd_status, BitPos(__Lib_Lcd_cmd_status+0)
L_end_Lcd_Init:
0x064C	0x0008      	RETURN
; end of _Lcd_Init
_main:
0x064D	0x1283      	BCF        STATUS, 5
0x064E	0x1303      	BCF        STATUS, 6
0x064F	0x01A0      	CLRF       _addr
0x0650	0x01A1      	CLRF       _slot
0x0651	0x01A2      	CLRF       _id
0x0652	0x3001      	MOVLW      1
0x0653	0x00A3      	MOVWF      _is_full
0x0654	0x01A4      	CLRF       _i
0x0655	0x01A5      	CLRF       _current_state
0x0656	0x3003      	MOVLW      3
0x0657	0x00A6      	MOVWF      _tries_left
0x0658	0x3030      	MOVLW      48
0x0659	0x00A7      	MOVWF      _ADMIN_KEY
0x065A	0x3030      	MOVLW      48
0x065B	0x00A8      	MOVWF      40
0x065C	0x3030      	MOVLW      48
0x065D	0x00A9      	MOVWF      41
0x065E	0x3030      	MOVLW      48
0x065F	0x00AA      	MOVWF      42
0x0660	0x01AB      	CLRF       43
0x0661	0x01AC      	CLRF       _match_found
0x0662	0x01AD      	CLRF       _user
0x0663	0x01AE      	CLRF       _admin
0x0664	0x1683      	BSF        STATUS, 5
0x0665	0x0187      	CLRF       TRISC
0x0666	0x1283      	BCF        STATUS, 5
0x0667	0x0187      	CLRF       PORTC
0x0668	0x1507      	BSF        PORTC, 2
0x0669	0x25FF      	CALL       _Lcd_Init
0x066A	0x25EE      	CALL       _Keypad_Init
0x066B	0x300C      	MOVLW      12
0x066C	0x1283      	BCF        STATUS, 5
0x066D	0x00E6      	MOVWF      FARG_Lcd_Cmd_out_char
0x066E	0x201A      	CALL       _Lcd_Cmd
0x066F	0x3001      	MOVLW      1
0x0670	0x00E6      	MOVWF      FARG_Lcd_Cmd_out_char
0x0671	0x201A      	CALL       _Lcd_Cmd
0x0672	0x3001      	MOVLW      1
0x0673	0x00D8      	MOVWF      FARG_Lcd_Out_Const_row
0x0674	0x3001      	MOVLW      1
0x0675	0x00D9      	MOVWF      FARG_Lcd_Out_Const_col
0x0676	0x307A      	MOVLW      _msg_main_welcome
0x0677	0x00DA      	MOVWF      FARG_Lcd_Out_Const_text
0x0678	0x3007      	MOVLW      hi_addr(_msg_main_welcome)
0x0679	0x00DB      	MOVWF      FARG_Lcd_Out_Const_text+1
0x067A	0x2130      	CALL       _Lcd_Out_Const
0x067B	0x3003      	MOVLW      3
0x067C	0x00FB      	MOVWF      R11
0x067D	0x3008      	MOVLW      8
0x067E	0x00FC      	MOVWF      R12
0x067F	0x3077      	MOVLW      119
0x0680	0x00FD      	MOVWF      R13
L_main89:
0x0681	0x0BFD      	DECFSZ     R13, 1
0x0682	0x2E81      	GOTO       L_main89
0x0683	0x0BFC      	DECFSZ     R12, 1
0x0684	0x2E81      	GOTO       L_main89
0x0685	0x0BFB      	DECFSZ     R11, 1
0x0686	0x2E81      	GOTO       L_main89
L_main90:
0x0687	0x2E8E      	GOTO       L_main92
L_main94:
0x0688	0x24DF      	CALL       _login_mode
0x0689	0x2E9A      	GOTO       L_main93
L_main95:
0x068A	0x23F5      	CALL       _admin_mode
0x068B	0x2E9A      	GOTO       L_main93
L_main96:
0x068C	0x23DB      	CALL       _suspended_mode
0x068D	0x2E9A      	GOTO       L_main93
L_main92:
0x068E	0x0825      	MOVF       _current_state, 0
0x068F	0x3A00      	XORLW      0
0x0690	0x1903      	BTFSC      STATUS, 2
0x0691	0x2E88      	GOTO       L_main94
0x0692	0x0825      	MOVF       _current_state, 0
0x0693	0x3A01      	XORLW      1
0x0694	0x1903      	BTFSC      STATUS, 2
0x0695	0x2E8A      	GOTO       L_main95
0x0696	0x0825      	MOVF       _current_state, 0
0x0697	0x3A02      	XORLW      2
0x0698	0x1903      	BTFSC      STATUS, 2
0x0699	0x2E8C      	GOTO       L_main96
L_main93:
0x069A	0x2E87      	GOTO       L_main90
L_end_main:
0x069B	0x2E9B      	GOTO       $+0
; end of _main
;MyProject2.c,49 :: _msg_enter_admin
0x069C	0x3445 ;_msg_enter_admin+0
0x069D	0x346E ;_msg_enter_admin+1
0x069E	0x3474 ;_msg_enter_admin+2
0x069F	0x3465 ;_msg_enter_admin+3
0x06A0	0x3472 ;_msg_enter_admin+4
0x06A1	0x3420 ;_msg_enter_admin+5
0x06A2	0x3441 ;_msg_enter_admin+6
0x06A3	0x3444 ;_msg_enter_admin+7
0x06A4	0x344D ;_msg_enter_admin+8
0x06A5	0x3449 ;_msg_enter_admin+9
0x06A6	0x344E ;_msg_enter_admin+10
0x06A7	0x3420 ;_msg_enter_admin+11
0x06A8	0x344B ;_msg_enter_admin+12
0x06A9	0x3465 ;_msg_enter_admin+13
0x06AA	0x3479 ;_msg_enter_admin+14
0x06AB	0x343A ;_msg_enter_admin+15
0x06AC	0x3400 ;_msg_enter_admin+16
; end of _msg_enter_admin
;MyProject2.c,46 :: _msg_wrong
0x06AD	0x3457 ;_msg_wrong+0
0x06AE	0x3472 ;_msg_wrong+1
0x06AF	0x346F ;_msg_wrong+2
0x06B0	0x346E ;_msg_wrong+3
0x06B1	0x3467 ;_msg_wrong+4
0x06B2	0x3420 ;_msg_wrong+5
0x06B3	0x3450 ;_msg_wrong+6
0x06B4	0x3461 ;_msg_wrong+7
0x06B5	0x3473 ;_msg_wrong+8
0x06B6	0x3473 ;_msg_wrong+9
0x06B7	0x3477 ;_msg_wrong+10
0x06B8	0x346F ;_msg_wrong+11
0x06B9	0x3472 ;_msg_wrong+12
0x06BA	0x3464 ;_msg_wrong+13
0x06BB	0x3400 ;_msg_wrong+14
; end of _msg_wrong
;MyProject2.c,52 :: _msg_opt2
0x06BC	0x3432 ;_msg_opt2+0
0x06BD	0x342D ;_msg_opt2+1
0x06BE	0x3420 ;_msg_opt2+2
0x06BF	0x3444 ;_msg_opt2+3
0x06C0	0x3445 ;_msg_opt2+4
0x06C1	0x344C ;_msg_opt2+5
0x06C2	0x3445 ;_msg_opt2+6
0x06C3	0x3454 ;_msg_opt2+7
0x06C4	0x3445 ;_msg_opt2+8
0x06C5	0x3420 ;_msg_opt2+9
0x06C6	0x3455 ;_msg_opt2+10
0x06C7	0x3453 ;_msg_opt2+11
0x06C8	0x3445 ;_msg_opt2+12
0x06C9	0x3452 ;_msg_opt2+13
0x06CA	0x3400 ;_msg_opt2+14
; end of _msg_opt2
;MyProject2.c,45 :: _msg_access
0x06CB	0x3441 ;_msg_access+0
0x06CC	0x3443 ;_msg_access+1
0x06CD	0x3443 ;_msg_access+2
0x06CE	0x3445 ;_msg_access+3
0x06CF	0x3453 ;_msg_access+4
0x06D0	0x3453 ;_msg_access+5
0x06D1	0x3420 ;_msg_access+6
0x06D2	0x3447 ;_msg_access+7
0x06D3	0x3452 ;_msg_access+8
0x06D4	0x3441 ;_msg_access+9
0x06D5	0x344E ;_msg_access+10
0x06D6	0x3454 ;_msg_access+11
0x06D7	0x3445 ;_msg_access+12
0x06D8	0x3444 ;_msg_access+13
0x06D9	0x3400 ;_msg_access+14
; end of _msg_access
;MyProject2.c,54 :: _msg_contact
0x06DA	0x3443 ;_msg_contact+0
0x06DB	0x344F ;_msg_contact+1
0x06DC	0x344E ;_msg_contact+2
0x06DD	0x3454 ;_msg_contact+3
0x06DE	0x3441 ;_msg_contact+4
0x06DF	0x3443 ;_msg_contact+5
0x06E0	0x3454 ;_msg_contact+6
0x06E1	0x3420 ;_msg_contact+7
0x06E2	0x3441 ;_msg_contact+8
0x06E3	0x3444 ;_msg_contact+9
0x06E4	0x344D ;_msg_contact+10
0x06E5	0x3449 ;_msg_contact+11
0x06E6	0x344E ;_msg_contact+12
0x06E7	0x3400 ;_msg_contact+13
; end of _msg_contact
;MyProject2.c,34 :: _msg_new_user
0x06E8	0x344E ;_msg_new_user+0
0x06E9	0x3465 ;_msg_new_user+1
0x06EA	0x3477 ;_msg_new_user+2
0x06EB	0x3420 ;_msg_new_user+3
0x06EC	0x3455 ;_msg_new_user+4
0x06ED	0x3473 ;_msg_new_user+5
0x06EE	0x3465 ;_msg_new_user+6
0x06EF	0x3472 ;_msg_new_user+7
0x06F0	0x3420 ;_msg_new_user+8
0x06F1	0x344B ;_msg_new_user+9
0x06F2	0x3465 ;_msg_new_user+10
0x06F3	0x3479 ;_msg_new_user+11
0x06F4	0x343A ;_msg_new_user+12
0x06F5	0x3400 ;_msg_new_user+13
; end of _msg_new_user
;MyProject2.c,53 :: _msg_locked
0x06F6	0x3453 ;_msg_locked+0
0x06F7	0x3459 ;_msg_locked+1
0x06F8	0x3453 ;_msg_locked+2
0x06F9	0x3454 ;_msg_locked+3
0x06FA	0x3445 ;_msg_locked+4
0x06FB	0x344D ;_msg_locked+5
0x06FC	0x3420 ;_msg_locked+6
0x06FD	0x344C ;_msg_locked+7
0x06FE	0x344F ;_msg_locked+8
0x06FF	0x3443 ;_msg_locked+9
0x0700	0x344B ;_msg_locked+10
0x0701	0x3445 ;_msg_locked+11
0x0702	0x3444 ;_msg_locked+12
0x0703	0x3400 ;_msg_locked+13
; end of _msg_locked
;MyProject2.c,47 :: _msg_tries
0x0704	0x3454 ;_msg_tries+0
0x0705	0x3472 ;_msg_tries+1
0x0706	0x3469 ;_msg_tries+2
0x0707	0x3465 ;_msg_tries+3
0x0708	0x3473 ;_msg_tries+4
0x0709	0x3420 ;_msg_tries+5
0x070A	0x344C ;_msg_tries+6
0x070B	0x3465 ;_msg_tries+7
0x070C	0x3466 ;_msg_tries+8
0x070D	0x3474 ;_msg_tries+9
0x070E	0x343A ;_msg_tries+10
0x070F	0x3420 ;_msg_tries+11
0x0710	0x3400 ;_msg_tries+12
; end of _msg_tries
;MyProject2.c,35 :: _msg_mem_full
0x0711	0x344D ;_msg_mem_full+0
0x0712	0x3465 ;_msg_mem_full+1
0x0713	0x346D ;_msg_mem_full+2
0x0714	0x346F ;_msg_mem_full+3
0x0715	0x3472 ;_msg_mem_full+4
0x0716	0x3479 ;_msg_mem_full+5
0x0717	0x3420 ;_msg_mem_full+6
0x0718	0x3446 ;_msg_mem_full+7
0x0719	0x3475 ;_msg_mem_full+8
0x071A	0x346C ;_msg_mem_full+9
0x071B	0x346C ;_msg_mem_full+10
0x071C	0x3421 ;_msg_mem_full+11
0x071D	0x3400 ;_msg_mem_full+12
; end of _msg_mem_full
;MyProject2.c,41 :: _msg_deleted
0x071E	0x3455 ;_msg_deleted+0
0x071F	0x3453 ;_msg_deleted+1
0x0720	0x3445 ;_msg_deleted+2
0x0721	0x3452 ;_msg_deleted+3
0x0722	0x3420 ;_msg_deleted+4
0x0723	0x3444 ;_msg_deleted+5
0x0724	0x3465 ;_msg_deleted+6
0x0725	0x346C ;_msg_deleted+7
0x0726	0x3465 ;_msg_deleted+8
0x0727	0x3474 ;_msg_deleted+9
0x0728	0x3465 ;_msg_deleted+10
0x0729	0x3464 ;_msg_deleted+11
0x072A	0x3400 ;_msg_deleted+12
; end of _msg_deleted
;MyProject2.c,40 :: _msg_deleting
0x072B	0x3444 ;_msg_deleting+0
0x072C	0x3465 ;_msg_deleting+1
0x072D	0x346C ;_msg_deleting+2
0x072E	0x3465 ;_msg_deleting+3
0x072F	0x3474 ;_msg_deleting+4
0x0730	0x3469 ;_msg_deleting+5
0x0731	0x346E ;_msg_deleting+6
0x0732	0x3467 ;_msg_deleting+7
0x0733	0x3420 ;_msg_deleting+8
0x0734	0x342E ;_msg_deleting+9
0x0735	0x342E ;_msg_deleting+10
0x0736	0x342E ;_msg_deleting+11
0x0737	0x3400 ;_msg_deleting+12
; end of _msg_deleting
;MyProject2.c,37 :: _msg_saved
0x0738	0x3455 ;_msg_saved+0
0x0739	0x3473 ;_msg_saved+1
0x073A	0x3465 ;_msg_saved+2
0x073B	0x3472 ;_msg_saved+3
0x073C	0x3420 ;_msg_saved+4
0x073D	0x3453 ;_msg_saved+5
0x073E	0x3461 ;_msg_saved+6
0x073F	0x3476 ;_msg_saved+7
0x0740	0x3465 ;_msg_saved+8
0x0741	0x3464 ;_msg_saved+9
0x0742	0x3421 ;_msg_saved+10
0x0743	0x3400 ;_msg_saved+11
; end of _msg_saved
;MyProject2.c,51 :: _msg_opt1
0x0744	0x3431 ;_msg_opt1+0
0x0745	0x342D ;_msg_opt1+1
0x0746	0x3420 ;_msg_opt1+2
0x0747	0x3441 ;_msg_opt1+3
0x0748	0x3444 ;_msg_opt1+4
0x0749	0x3444 ;_msg_opt1+5
0x074A	0x3420 ;_msg_opt1+6
0x074B	0x3455 ;_msg_opt1+7
0x074C	0x3453 ;_msg_opt1+8
0x074D	0x3445 ;_msg_opt1+9
0x074E	0x3452 ;_msg_opt1+10
0x074F	0x3400 ;_msg_opt1+11
; end of _msg_opt1
;MyProject2.c,43 :: _msg_enter_key
0x0750	0x3445 ;_msg_enter_key+0
0x0751	0x346E ;_msg_enter_key+1
0x0752	0x3474 ;_msg_enter_key+2
0x0753	0x3465 ;_msg_enter_key+3
0x0754	0x3472 ;_msg_enter_key+4
0x0755	0x3420 ;_msg_enter_key+5
0x0756	0x344B ;_msg_enter_key+6
0x0757	0x3465 ;_msg_enter_key+7
0x0758	0x3479 ;_msg_enter_key+8
0x0759	0x343A ;_msg_enter_key+9
0x075A	0x3400 ;_msg_enter_key+10
; end of _msg_enter_key
;MyProject2.c,48 :: _msg_admin_mode
0x075B	0x3441 ;_msg_admin_mode+0
0x075C	0x3444 ;_msg_admin_mode+1
0x075D	0x344D ;_msg_admin_mode+2
0x075E	0x3449 ;_msg_admin_mode+3
0x075F	0x344E ;_msg_admin_mode+4
0x0760	0x3420 ;_msg_admin_mode+5
0x0761	0x344D ;_msg_admin_mode+6
0x0762	0x344F ;_msg_admin_mode+7
0x0763	0x3444 ;_msg_admin_mode+8
0x0764	0x3445 ;_msg_admin_mode+9
0x0765	0x3400 ;_msg_admin_mode+10
; end of _msg_admin_mode
;MyProject2.c,50 :: _msg_elhefnawy
0x0766	0x3445 ;_msg_elhefnawy+0
0x0767	0x344C ;_msg_elhefnawy+1
0x0768	0x3448 ;_msg_elhefnawy+2
0x0769	0x3445 ;_msg_elhefnawy+3
0x076A	0x3446 ;_msg_elhefnawy+4
0x076B	0x344E ;_msg_elhefnawy+5
0x076C	0x3441 ;_msg_elhefnawy+6
0x076D	0x3457 ;_msg_elhefnawy+7
0x076E	0x3459 ;_msg_elhefnawy+8
0x076F	0x3400 ;_msg_elhefnawy+9
; end of _msg_elhefnawy
;MyProject2.c,36 :: _msg_saving
0x0770	0x3453 ;_msg_saving+0
0x0771	0x3461 ;_msg_saving+1
0x0772	0x3476 ;_msg_saving+2
0x0773	0x3469 ;_msg_saving+3
0x0774	0x346E ;_msg_saving+4
0x0775	0x3467 ;_msg_saving+5
0x0776	0x342E ;_msg_saving+6
0x0777	0x342E ;_msg_saving+7
0x0778	0x342E ;_msg_saving+8
0x0779	0x3400 ;_msg_saving+9
; end of _msg_saving
;MyProject2.c,55 :: _msg_main_welcome
0x077A	0x3457 ;_msg_main_welcome+0
0x077B	0x3465 ;_msg_main_welcome+1
0x077C	0x346C ;_msg_main_welcome+2
0x077D	0x3463 ;_msg_main_welcome+3
0x077E	0x346F ;_msg_main_welcome+4
0x077F	0x346D ;_msg_main_welcome+5
0x0780	0x3465 ;_msg_main_welcome+6
0x0781	0x3421 ;_msg_main_welcome+7
0x0782	0x3421 ;_msg_main_welcome+8
0x0783	0x3400 ;_msg_main_welcome+9
; end of _msg_main_welcome
;MyProject2.c,42 :: _msg_user_mode
0x0784	0x3455 ;_msg_user_mode+0
0x0785	0x3453 ;_msg_user_mode+1
0x0786	0x3445 ;_msg_user_mode+2
0x0787	0x3452 ;_msg_user_mode+3
0x0788	0x3420 ;_msg_user_mode+4
0x0789	0x344D ;_msg_user_mode+5
0x078A	0x344F ;_msg_user_mode+6
0x078B	0x3444 ;_msg_user_mode+7
0x078C	0x3445 ;_msg_user_mode+8
0x078D	0x3400 ;_msg_user_mode+9
; end of _msg_user_mode
;MyProject2.c,38 :: _msg_userid
0x078E	0x3455 ;_msg_userid+0
0x078F	0x3453 ;_msg_userid+1
0x0790	0x3445 ;_msg_userid+2
0x0791	0x3452 ;_msg_userid+3
0x0792	0x3420 ;_msg_userid+4
0x0793	0x3449 ;_msg_userid+5
0x0794	0x3444 ;_msg_userid+6
0x0795	0x343A ;_msg_userid+7
0x0796	0x3420 ;_msg_userid+8
0x0797	0x3400 ;_msg_userid+9
; end of _msg_userid
;MyProject2.c,44 :: _msg_welcome
0x0798	0x3457 ;_msg_welcome+0
0x0799	0x3445 ;_msg_welcome+1
0x079A	0x344C ;_msg_welcome+2
0x079B	0x3443 ;_msg_welcome+3
0x079C	0x344F ;_msg_welcome+4
0x079D	0x344D ;_msg_welcome+5
0x079E	0x3445 ;_msg_welcome+6
0x079F	0x3400 ;_msg_welcome+7
; end of _msg_welcome
;MyProject2.c,56 :: _msg_empty
0x07A0	0x3420 ;_msg_empty+0
0x07A1	0x3400 ;_msg_empty+1
; end of _msg_empty
Symbol List:
//** Routines locations **
//ADDRESS    SIZE    PROCEDURE
//----------------------------------------------
0x0003       [3]    _Delay_1us
0x0006      [13]    _Delay_5500us
0x0013       [7]    _Delay_50us
0x001A      [64]    _Lcd_Cmd
0x005A      [47]    _Keypad_Key_Press
0x0089       [8]    _Delay_10us
0x0091       [8]    _Lcd_Chr_CP
0x0099      [64]    _Lcd_Out
0x00D9      [13]    _Keypad_Key_Click
0x00E6      [17]    _Div_8X8_U
0x00F7       [7]    _____DoICP
0x00FE      [25]    _Mul_8X8_U
0x0117      [25]    _memset
0x0130      [61]    _Lcd_Out_Const
0x016D      [33]    _EEPROM_Write
0x018E      [50]    _ByteToStr
0x01C0      [88]    _get_mapped_key
0x0218      [12]    _EEPROM_Read
0x0224      [18]    _Lcd_Out_CP
0x0236      [44]    _Ltrim
0x0262     [115]    _delete_user
0x02D5     [230]    _add_user
0x03BB      [32]    _strcmp
0x03DB      [26]    _suspended_mode
0x03F5     [234]    _admin_mode
0x04DF     [271]    _login_mode
0x05EE       [5]    _Keypad_Init
0x05F3      [12]    ___CC2DW
0x05FF      [78]    _Lcd_Init
0x064D      [79]    _main
//** Variables locations ** 
//ADDRESS    SIZE    VARIABLE
//----------------------------------------------
0x0000       [1]    INDF
0x0002       [1]    PCL
0x0003       [1]    STATUS
0x0004       [1]    FSR
0x0006       [1]    keypadPort
0x0006       [1]    PORTB
0x0007       [1]    PORTC
0x0008       [0]    RD3_bit
0x0008       [0]    RD2_bit
0x0008       [0]    RD1_bit
0x0008       [0]    RD4_bit
0x0008       [0]    RD5_bit
0x0008       [0]    RD0_bit
0x0008       [0]    LCD_EN
0x0008       [0]    LCD_RS
0x0008       [0]    LCD_D7
0x0008       [0]    LCD_D4
0x0008       [0]    LCD_D5
0x0008       [0]    LCD_D6
0x000A       [1]    PCLATH
0x000B       [1]    INTCON
0x0020       [1]    _addr
0x0021       [1]    _slot
0x0022       [1]    _id
0x0023       [1]    _is_full
0x0024       [1]    _i
0x0025       [1]    _current_state
0x0026       [1]    _tries_left
0x0027       [5]    _ADMIN_KEY
0x002C       [1]    _match_found
0x002D       [1]    _user
0x002E       [1]    _admin
0x002F       [1]    _key
0x0030       [5]    _password_input
0x0035       [2]    ___DoICPAddr
0x0037      [17]    _txt_buffer
0x0048       [0]    __Lib_Lcd_cmd_status
0x0049       [5]    _stored_pass
0x004E       [7]    _str
0x0055       [1]    FLOC__login_mode
0x0056       [1]    FARG_strcmp_s1
0x0057       [1]    FARG_strcmp_s2
0x0058       [1]    FARG_EEPROM_Read_Address
0x0058       [1]    FARG_Lcd_Out_CP_text
0x0058       [1]    FARG_EEPROM_Write_Address
0x0058       [1]    FARG_ByteToStr_input
0x0058       [1]    FARG_memset_p1
0x0058       [1]    FARG_Ltrim_string
0x0058       [1]    FARG_Lcd_Out_Const_row
0x0059       [2]    Ltrim_trimmed_L0
0x0059       [1]    FARG_Lcd_Out_Const_col
0x0059       [1]    FARG_EEPROM_Write_data_
0x0059       [1]    Lcd_Out_CP_i_L0
0x0059       [1]    FARG_ByteToStr_output
0x0059       [1]    FARG_memset_character
0x005A       [2]    FARG_memset_n
0x005A       [2]    FARG_Lcd_Out_Const_text
0x005A       [1]    ByteToStr_DigitPos_L0
0x005B       [1]    FLOC__ByteToStr
0x005C       [1]    Lcd_Out_Const_i_L0
0x005D       [1]    Keypad_Key_Click_rslt_L0
0x005D       [1]    FARG_Lcd_Out_row
0x005E       [1]    FARG_Lcd_Out_column
0x005F       [1]    FARG_Lcd_Out_text
0x0060       [1]    Lcd_Out_i_L0
0x0061       [1]    FARG_Lcd_Chr_CP_out_char
0x0061       [1]    Keypad_Key_Press_rslt_L0
0x0062       [1]    Keypad_Key_Press_kdata_L0
0x0063       [1]    Keypad_Key_Press_loc_L0
0x0064       [1]    Keypad_Key_Press_rowcnt_L0
0x0065       [1]    Keypad_Key_Press_shifter_L0
0x0066       [1]    FARG_Lcd_Cmd_out_char
0x0070       [1]    R0
0x0071       [1]    R1
0x0072       [1]    R2
0x0073       [1]    R3
0x0074       [1]    R4
0x0075       [1]    R5
0x0076       [1]    R6
0x0077       [1]    R7
0x0078       [1]    R8
0x0079       [1]    R9
0x007A       [1]    R10
0x007B       [1]    R11
0x007C       [1]    R12
0x007D       [1]    R13
0x007E       [1]    R14
0x007F       [1]    R15
0x0087       [1]    TRISC
0x0088       [0]    TRISD5_bit
0x0088       [0]    TRISD0_bit
0x0088       [0]    LCD_D6_Direction
0x0088       [0]    TRISD1_bit
0x0088       [0]    LCD_EN_Direction
0x0088       [0]    LCD_D7_Direction
0x0088       [0]    TRISD2_bit
0x0088       [0]    TRISD4_bit
0x0088       [0]    TRISD3_bit
0x0088       [0]    LCD_RS_Direction
0x0088       [0]    LCD_D5_Direction
0x0088       [0]    LCD_D4_Direction
0x010C       [1]    EEDATA
0x010D       [1]    EEADR
0x018C       [1]    EECON1
0x018D       [1]    EECON2
//** Constants locations ** 
//ADDRESS    SIZE    CONSTANT
//----------------------------------------------
0x069C      [17]    _msg_enter_admin
0x06AD      [15]    _msg_wrong
0x06BC      [15]    _msg_opt2
0x06CB      [15]    _msg_access
0x06DA      [14]    _msg_contact
0x06E8      [14]    _msg_new_user
0x06F6      [14]    _msg_locked
0x0704      [13]    _msg_tries
0x0711      [13]    _msg_mem_full
0x071E      [13]    _msg_deleted
0x072B      [13]    _msg_deleting
0x0738      [12]    _msg_saved
0x0744      [12]    _msg_opt1
0x0750      [11]    _msg_enter_key
0x075B      [11]    _msg_admin_mode
0x0766      [10]    _msg_elhefnawy
0x0770      [10]    _msg_saving
0x077A      [10]    _msg_main_welcome
0x0784      [10]    _msg_user_mode
0x078E      [10]    _msg_userid
0x0798       [8]    _msg_welcome
0x07A0       [2]    _msg_empty
